{"C:\\Users\\annap\\OneDrive\\Área de Trabalho\\MyPetSync-FrontEnd\\FrontEndWeb\\src\\components\\agenda\\AgendaCalendar.jsx": {"path":"C:\\Users\\annap\\OneDrive\\Área de Trabalho\\MyPetSync-FrontEnd\\FrontEndWeb\\src\\components\\agenda\\AgendaCalendar.jsx","statementMap":{"0":{"start":{"line":13,"column":19},"end":{"line":21,"column":1}},"1":{"start":{"line":23,"column":23},"end":{"line":25,"column":1}},"2":{"start":{"line":24,"column":2},"end":{"line":24,"column":64}},"3":{"start":{"line":27,"column":20},"end":{"line":52,"column":1}},"4":{"start":{"line":28,"column":19},"end":{"line":28,"column":21}},"5":{"start":{"line":29,"column":18},"end":{"line":29,"column":61}},"6":{"start":{"line":30,"column":16},"end":{"line":30,"column":57}},"7":{"start":{"line":32,"column":2},"end":{"line":49,"column":3}},"8":{"start":{"line":32,"column":15},"end":{"line":32,"column":16}},"9":{"start":{"line":33,"column":17},"end":{"line":33,"column":34}},"10":{"start":{"line":34,"column":23},"end":{"line":34,"column":49}},"11":{"start":{"line":36,"column":30},"end":{"line":40,"column":6}},"12":{"start":{"line":37,"column":6},"end":{"line":37,"column":40}},"13":{"start":{"line":37,"column":27},"end":{"line":37,"column":40}},"14":{"start":{"line":38,"column":23},"end":{"line":38,"column":46}},"15":{"start":{"line":39,"column":6},"end":{"line":39,"column":80}},"16":{"start":{"line":42,"column":4},"end":{"line":48,"column":7}},"17":{"start":{"line":51,"column":2},"end":{"line":51,"column":18}},"18":{"start":{"line":54,"column":23},"end":{"line":186,"column":1}},"19":{"start":{"line":59,"column":26},"end":{"line":61,"column":20}},"20":{"start":{"line":60,"column":4},"end":{"line":60,"column":40}},"21":{"start":{"line":63,"column":29},"end":{"line":63,"column":66}},"22":{"start":{"line":65,"column":19},"end":{"line":68,"column":3}},"23":{"start":{"line":66,"column":10},"end":{"line":66,"column":52}},"24":{"start":{"line":70,"column":28},"end":{"line":70,"column":59}},"25":{"start":{"line":72,"column":27},"end":{"line":78,"column":25}},"26":{"start":{"line":73,"column":22},"end":{"line":76,"column":32}},"27":{"start":{"line":77,"column":4},"end":{"line":77,"column":66}},"28":{"start":{"line":80,"column":23},"end":{"line":83,"column":37}},"29":{"start":{"line":81,"column":21},"end":{"line":81,"column":48}},"30":{"start":{"line":82,"column":4},"end":{"line":82,"column":49}},"31":{"start":{"line":85,"column":27},"end":{"line":88,"column":37}},"32":{"start":{"line":86,"column":21},"end":{"line":86,"column":48}},"33":{"start":{"line":87,"column":4},"end":{"line":87,"column":49}},"34":{"start":{"line":90,"column":20},"end":{"line":92,"column":20}},"35":{"start":{"line":91,"column":4},"end":{"line":91,"column":51}},"36":{"start":{"line":94,"column":25},"end":{"line":97,"column":3}},"37":{"start":{"line":95,"column":20},"end":{"line":95,"column":44}},"38":{"start":{"line":99,"column":2},"end":{"line":185,"column":4}},"39":{"start":{"line":133,"column":26},"end":{"line":133,"column":57}},"40":{"start":{"line":134,"column":29},"end":{"line":134,"column":66}},"41":{"start":{"line":136,"column":25},"end":{"line":136,"column":71}},"42":{"start":{"line":137,"column":10},"end":{"line":140,"column":11}},"43":{"start":{"line":138,"column":12},"end":{"line":139,"column":92}},"44":{"start":{"line":141,"column":10},"end":{"line":148,"column":11}},"45":{"start":{"line":142,"column":12},"end":{"line":143,"column":92}},"46":{"start":{"line":144,"column":12},"end":{"line":147,"column":13}},"47":{"start":{"line":145,"column":14},"end":{"line":146,"column":94}},"48":{"start":{"line":150,"column":10},"end":{"line":181,"column":12}},"49":{"start":{"line":153,"column":29},"end":{"line":153,"column":59}},"50":{"start":{"line":163,"column":29},"end":{"line":163,"column":36}},"51":{"start":{"line":164,"column":18},"end":{"line":167,"column":28}},"52":{"start":{"line":165,"column":35},"end":{"line":165,"column":58}},"53":{"start":{"line":166,"column":20},"end":{"line":166,"column":72}},"54":{"start":{"line":166,"column":41},"end":{"line":166,"column":72}},"55":{"start":{"line":169,"column":34},"end":{"line":169,"column":75}},"56":{"start":{"line":170,"column":18},"end":{"line":177,"column":20}}},"fnMap":{"0":{"name":"(anonymous_0)","decl":{"start":{"line":23,"column":23},"end":{"line":23,"column":24}},"loc":{"start":{"line":23,"column":39},"end":{"line":25,"column":1}},"line":23},"1":{"name":"(anonymous_1)","decl":{"start":{"line":27,"column":20},"end":{"line":27,"column":21}},"loc":{"start":{"line":27,"column":54},"end":{"line":52,"column":1}},"line":27},"2":{"name":"(anonymous_2)","decl":{"start":{"line":36,"column":50},"end":{"line":36,"column":51}},"loc":{"start":{"line":36,"column":60},"end":{"line":40,"column":5}},"line":36},"3":{"name":"(anonymous_3)","decl":{"start":{"line":54,"column":23},"end":{"line":54,"column":24}},"loc":{"start":{"line":58,"column":6},"end":{"line":186,"column":1}},"line":58},"4":{"name":"(anonymous_4)","decl":{"start":{"line":57,"column":17},"end":{"line":57,"column":18}},"loc":{"start":{"line":57,"column":23},"end":{"line":57,"column":25}},"line":57},"5":{"name":"(anonymous_5)","decl":{"start":{"line":59,"column":34},"end":{"line":59,"column":35}},"loc":{"start":{"line":59,"column":40},"end":{"line":61,"column":3}},"line":59},"6":{"name":"(anonymous_6)","decl":{"start":{"line":66,"column":4},"end":{"line":66,"column":5}},"loc":{"start":{"line":66,"column":10},"end":{"line":66,"column":52}},"line":66},"7":{"name":"(anonymous_7)","decl":{"start":{"line":72,"column":35},"end":{"line":72,"column":36}},"loc":{"start":{"line":72,"column":41},"end":{"line":78,"column":3}},"line":72},"8":{"name":"(anonymous_8)","decl":{"start":{"line":80,"column":35},"end":{"line":80,"column":36}},"loc":{"start":{"line":80,"column":41},"end":{"line":83,"column":3}},"line":80},"9":{"name":"(anonymous_9)","decl":{"start":{"line":85,"column":39},"end":{"line":85,"column":40}},"loc":{"start":{"line":85,"column":45},"end":{"line":88,"column":3}},"line":85},"10":{"name":"(anonymous_10)","decl":{"start":{"line":90,"column":32},"end":{"line":90,"column":33}},"loc":{"start":{"line":90,"column":38},"end":{"line":92,"column":3}},"line":90},"11":{"name":"(anonymous_11)","decl":{"start":{"line":95,"column":4},"end":{"line":95,"column":5}},"loc":{"start":{"line":95,"column":20},"end":{"line":95,"column":44}},"line":95},"12":{"name":"(anonymous_12)","decl":{"start":{"line":132,"column":22},"end":{"line":132,"column":23}},"loc":{"start":{"line":132,"column":31},"end":{"line":182,"column":9}},"line":132},"13":{"name":"(anonymous_13)","decl":{"start":{"line":153,"column":23},"end":{"line":153,"column":24}},"loc":{"start":{"line":153,"column":29},"end":{"line":153,"column":59}},"line":153},"14":{"name":"(anonymous_14)","decl":{"start":{"line":162,"column":38},"end":{"line":162,"column":39}},"loc":{"start":{"line":162,"column":48},"end":{"line":178,"column":17}},"line":162}},"branchMap":{"0":{"loc":{"start":{"line":24,"column":18},"end":{"line":24,"column":62}},"type":"binary-expr","locations":[{"start":{"line":24,"column":18},"end":{"line":24,"column":48}},{"start":{"line":24,"column":52},"end":{"line":24,"column":62}}],"line":24},"1":{"loc":{"start":{"line":27,"column":32},"end":{"line":27,"column":49}},"type":"default-arg","locations":[{"start":{"line":27,"column":47},"end":{"line":27,"column":49}}],"line":27},"2":{"loc":{"start":{"line":29,"column":18},"end":{"line":29,"column":61}},"type":"cond-expr","locations":[{"start":{"line":29,"column":39},"end":{"line":29,"column":48}},{"start":{"line":29,"column":51},"end":{"line":29,"column":61}}],"line":29},"3":{"loc":{"start":{"line":37,"column":6},"end":{"line":37,"column":40}},"type":"if","locations":[{"start":{"line":37,"column":6},"end":{"line":37,"column":40}},{"start":{},"end":{}}],"line":37},"4":{"loc":{"start":{"line":39,"column":13},"end":{"line":39,"column":79}},"type":"binary-expr","locations":[{"start":{"line":39,"column":13},"end":{"line":39,"column":30}},{"start":{"line":39,"column":34},"end":{"line":39,"column":79}}],"line":39},"5":{"loc":{"start":{"line":55,"column":2},"end":{"line":55,"column":19}},"type":"default-arg","locations":[{"start":{"line":55,"column":17},"end":{"line":55,"column":19}}],"line":55},"6":{"loc":{"start":{"line":57,"column":2},"end":{"line":57,"column":25}},"type":"default-arg","locations":[{"start":{"line":57,"column":17},"end":{"line":57,"column":25}}],"line":57},"7":{"loc":{"start":{"line":70,"column":28},"end":{"line":70,"column":59}},"type":"binary-expr","locations":[{"start":{"line":70,"column":28},"end":{"line":70,"column":45}},{"start":{"line":70,"column":49},"end":{"line":70,"column":59}}],"line":70},"8":{"loc":{"start":{"line":137,"column":10},"end":{"line":140,"column":11}},"type":"if","locations":[{"start":{"line":137,"column":10},"end":{"line":140,"column":11}},{"start":{},"end":{}}],"line":137},"9":{"loc":{"start":{"line":141,"column":10},"end":{"line":148,"column":11}},"type":"if","locations":[{"start":{"line":141,"column":10},"end":{"line":148,"column":11}},{"start":{},"end":{}}],"line":141},"10":{"loc":{"start":{"line":144,"column":12},"end":{"line":147,"column":13}},"type":"if","locations":[{"start":{"line":144,"column":12},"end":{"line":147,"column":13}},{"start":{},"end":{}}],"line":144},"11":{"loc":{"start":{"line":166,"column":20},"end":{"line":166,"column":72}},"type":"if","locations":[{"start":{"line":166,"column":20},"end":{"line":166,"column":72}},{"start":{},"end":{}}],"line":166},"12":{"loc":{"start":{"line":169,"column":34},"end":{"line":169,"column":75}},"type":"binary-expr","locations":[{"start":{"line":169,"column":34},"end":{"line":169,"column":48}},{"start":{"line":169,"column":52},"end":{"line":169,"column":66}},{"start":{"line":169,"column":70},"end":{"line":169,"column":75}}],"line":169}},"s":{"0":1,"1":1,"2":11,"3":1,"4":11,"5":11,"6":11,"7":11,"8":11,"9":77,"10":77,"11":77,"12":14,"13":0,"14":14,"15":14,"16":77,"17":11,"18":1,"19":11,"20":11,"21":11,"22":11,"23":11,"24":11,"25":11,"26":11,"27":11,"28":11,"29":2,"30":2,"31":11,"32":1,"33":1,"34":11,"35":1,"36":11,"37":0,"38":11,"39":77,"40":77,"41":77,"42":77,"43":9,"44":77,"45":11,"46":11,"47":7,"48":77,"49":0,"50":2,"51":2,"52":2,"53":2,"54":2,"55":2,"56":2},"f":{"0":11,"1":11,"2":14,"3":11,"4":2,"5":11,"6":11,"7":11,"8":2,"9":1,"10":1,"11":0,"12":77,"13":0,"14":2},"b":{"0":[11,0],"1":[0],"2":[11,0],"3":[0,14],"4":[14,14],"5":[0],"6":[7],"7":[11,0],"8":[9,68],"9":[11,66],"10":[7,4],"11":[2,0],"12":[2,0,0]},"_coverageSchema":"1a1c01bbd47fc00a2c39e90264f33305004495a9","hash":"72015282fccd4726ffc8d823d75d72a3e1617c45"}
,"C:\\Users\\annap\\OneDrive\\Área de Trabalho\\MyPetSync-FrontEnd\\FrontEndWeb\\src\\components\\agenda\\DailySchedule.jsx": {"path":"C:\\Users\\annap\\OneDrive\\Área de Trabalho\\MyPetSync-FrontEnd\\FrontEndWeb\\src\\components\\agenda\\DailySchedule.jsx","statementMap":{"0":{"start":{"line":5,"column":22},"end":{"line":8,"column":2}},"1":{"start":{"line":6,"column":15},"end":{"line":6,"column":20}},"2":{"start":{"line":7,"column":2},"end":{"line":7,"column":45}},"3":{"start":{"line":10,"column":18},"end":{"line":15,"column":1}},"4":{"start":{"line":17,"column":22},"end":{"line":126,"column":1}},"5":{"start":{"line":23,"column":16},"end":{"line":23,"column":66}},"6":{"start":{"line":24,"column":2},"end":{"line":24,"column":46}},"7":{"start":{"line":24,"column":25},"end":{"line":24,"column":46}},"8":{"start":{"line":26,"column":24},"end":{"line":28,"column":4}},"9":{"start":{"line":30,"column":29},"end":{"line":49,"column":8}},"10":{"start":{"line":31,"column":15},"end":{"line":31,"column":22}},"11":{"start":{"line":32,"column":4},"end":{"line":35,"column":5}},"12":{"start":{"line":33,"column":21},"end":{"line":33,"column":44}},"13":{"start":{"line":34,"column":6},"end":{"line":34,"column":58}},"14":{"start":{"line":34,"column":27},"end":{"line":34,"column":58}},"15":{"start":{"line":37,"column":25},"end":{"line":44,"column":5}},"16":{"start":{"line":46,"column":4},"end":{"line":46,"column":35}},"17":{"start":{"line":46,"column":20},"end":{"line":46,"column":35}},"18":{"start":{"line":47,"column":4},"end":{"line":47,"column":33}},"19":{"start":{"line":48,"column":4},"end":{"line":48,"column":15}},"20":{"start":{"line":51,"column":31},"end":{"line":51,"column":71}},"21":{"start":{"line":51,"column":41},"end":{"line":51,"column":71}},"22":{"start":{"line":53,"column":2},"end":{"line":125,"column":4}},"23":{"start":{"line":64,"column":37},"end":{"line":64,"column":63}},"24":{"start":{"line":66,"column":10},"end":{"line":121,"column":12}},"25":{"start":{"line":78,"column":35},"end":{"line":81,"column":21}},"26":{"start":{"line":83,"column":20},"end":{"line":108,"column":22}},"27":{"start":{"line":101,"column":43},"end":{"line":101,"column":74}},"28":{"start":{"line":112,"column":35},"end":{"line":112,"column":57}}},"fnMap":{"0":{"name":"(anonymous_0)","decl":{"start":{"line":5,"column":49},"end":{"line":5,"column":50}},"loc":{"start":{"line":5,"column":59},"end":{"line":8,"column":1}},"line":5},"1":{"name":"(anonymous_1)","decl":{"start":{"line":17,"column":22},"end":{"line":17,"column":23}},"loc":{"start":{"line":22,"column":6},"end":{"line":126,"column":1}},"line":22},"2":{"name":"(anonymous_2)","decl":{"start":{"line":20,"column":21},"end":{"line":20,"column":22}},"loc":{"start":{"line":20,"column":27},"end":{"line":20,"column":29}},"line":20},"3":{"name":"(anonymous_3)","decl":{"start":{"line":21,"column":23},"end":{"line":21,"column":24}},"loc":{"start":{"line":21,"column":29},"end":{"line":21,"column":31}},"line":21},"4":{"name":"(anonymous_4)","decl":{"start":{"line":30,"column":49},"end":{"line":30,"column":50}},"loc":{"start":{"line":30,"column":64},"end":{"line":49,"column":3}},"line":30},"5":{"name":"(anonymous_5)","decl":{"start":{"line":51,"column":31},"end":{"line":51,"column":32}},"loc":{"start":{"line":51,"column":41},"end":{"line":51,"column":71}},"line":51},"6":{"name":"(anonymous_6)","decl":{"start":{"line":63,"column":27},"end":{"line":63,"column":28}},"loc":{"start":{"line":63,"column":37},"end":{"line":122,"column":9}},"line":63},"7":{"name":"(anonymous_7)","decl":{"start":{"line":77,"column":41},"end":{"line":77,"column":42}},"loc":{"start":{"line":77,"column":58},"end":{"line":109,"column":19}},"line":77},"8":{"name":"(anonymous_8)","decl":{"start":{"line":101,"column":37},"end":{"line":101,"column":38}},"loc":{"start":{"line":101,"column":43},"end":{"line":101,"column":74}},"line":101},"9":{"name":"(anonymous_9)","decl":{"start":{"line":112,"column":29},"end":{"line":112,"column":30}},"loc":{"start":{"line":112,"column":35},"end":{"line":112,"column":57}},"line":112}},"branchMap":{"0":{"loc":{"start":{"line":7,"column":12},"end":{"line":7,"column":32}},"type":"cond-expr","locations":[{"start":{"line":7,"column":24},"end":{"line":7,"column":27}},{"start":{"line":7,"column":30},"end":{"line":7,"column":32}}],"line":7},"1":{"loc":{"start":{"line":18,"column":2},"end":{"line":18,"column":19}},"type":"default-arg","locations":[{"start":{"line":18,"column":17},"end":{"line":18,"column":19}}],"line":18},"2":{"loc":{"start":{"line":20,"column":2},"end":{"line":20,"column":29}},"type":"default-arg","locations":[{"start":{"line":20,"column":21},"end":{"line":20,"column":29}}],"line":20},"3":{"loc":{"start":{"line":21,"column":2},"end":{"line":21,"column":31}},"type":"default-arg","locations":[{"start":{"line":21,"column":23},"end":{"line":21,"column":31}}],"line":21},"4":{"loc":{"start":{"line":23,"column":25},"end":{"line":23,"column":65}},"type":"binary-expr","locations":[{"start":{"line":23,"column":25},"end":{"line":23,"column":37}},{"start":{"line":23,"column":41},"end":{"line":23,"column":65}}],"line":23},"5":{"loc":{"start":{"line":24,"column":2},"end":{"line":24,"column":46}},"type":"if","locations":[{"start":{"line":24,"column":2},"end":{"line":24,"column":46}},{"start":{},"end":{}}],"line":24},"6":{"loc":{"start":{"line":32,"column":4},"end":{"line":35,"column":5}},"type":"if","locations":[{"start":{"line":32,"column":4},"end":{"line":35,"column":5}},{"start":{},"end":{}}],"line":32},"7":{"loc":{"start":{"line":34,"column":6},"end":{"line":34,"column":58}},"type":"if","locations":[{"start":{"line":34,"column":6},"end":{"line":34,"column":58}},{"start":{},"end":{}}],"line":34},"8":{"loc":{"start":{"line":41,"column":15},"end":{"line":41,"column":56}},"type":"binary-expr","locations":[{"start":{"line":41,"column":15},"end":{"line":41,"column":29}},{"start":{"line":41,"column":33},"end":{"line":41,"column":47}},{"start":{"line":41,"column":51},"end":{"line":41,"column":56}}],"line":41},"9":{"loc":{"start":{"line":42,"column":18},"end":{"line":42,"column":73}},"type":"binary-expr","locations":[{"start":{"line":42,"column":18},"end":{"line":42,"column":29}},{"start":{"line":42,"column":33},"end":{"line":42,"column":46}},{"start":{"line":42,"column":50},"end":{"line":42,"column":73}}],"line":42},"10":{"loc":{"start":{"line":43,"column":14},"end":{"line":43,"column":40}},"type":"binary-expr","locations":[{"start":{"line":43,"column":14},"end":{"line":43,"column":25}},{"start":{"line":43,"column":29},"end":{"line":43,"column":40}}],"line":43},"11":{"loc":{"start":{"line":46,"column":4},"end":{"line":46,"column":35}},"type":"if","locations":[{"start":{"line":46,"column":4},"end":{"line":46,"column":35}},{"start":{},"end":{}}],"line":46},"12":{"loc":{"start":{"line":51,"column":41},"end":{"line":51,"column":71}},"type":"binary-expr","locations":[{"start":{"line":51,"column":41},"end":{"line":51,"column":65}},{"start":{"line":51,"column":69},"end":{"line":51,"column":71}}],"line":51},"13":{"loc":{"start":{"line":76,"column":17},"end":{"line":118,"column":17}},"type":"cond-expr","locations":[{"start":{"line":77,"column":18},"end":{"line":109,"column":20}},{"start":{"line":111,"column":18},"end":{"line":117,"column":27}}],"line":76},"14":{"loc":{"start":{"line":78,"column":35},"end":{"line":81,"column":21}},"type":"binary-expr","locations":[{"start":{"line":78,"column":35},"end":{"line":78,"column":64}},{"start":{"line":78,"column":68},"end":{"line":81,"column":21}}],"line":78}},"s":{"0":1,"1":11,"2":11,"3":1,"4":1,"5":6,"6":6,"7":0,"8":6,"9":6,"10":10,"11":10,"12":10,"13":10,"14":10,"15":10,"16":10,"17":10,"18":10,"19":10,"20":6,"21":66,"22":6,"23":66,"24":66,"25":10,"26":10,"27":0,"28":1},"f":{"0":11,"1":6,"2":0,"3":0,"4":10,"5":66,"6":66,"7":10,"8":0,"9":1},"b":{"0":[2,9],"1":[0],"2":[0],"3":[6],"4":[6,0],"5":[0,6],"6":[10,0],"7":[10,0],"8":[10,10,0],"9":[10,0,0],"10":[10,0],"11":[10,0],"12":[66,56],"13":[10,56],"14":[10,0]},"_coverageSchema":"1a1c01bbd47fc00a2c39e90264f33305004495a9","hash":"0d10b67fddef9a194b70e841b8c81202473c49a1"}
,"C:\\Users\\annap\\OneDrive\\Área de Trabalho\\MyPetSync-FrontEnd\\FrontEndWeb\\src\\components\\agenda\\DailySummary.jsx": {"path":"C:\\Users\\annap\\OneDrive\\Área de Trabalho\\MyPetSync-FrontEnd\\FrontEndWeb\\src\\components\\agenda\\DailySummary.jsx","statementMap":{"0":{"start":{"line":5,"column":21},"end":{"line":70,"column":1}},"1":{"start":{"line":6,"column":22},"end":{"line":22,"column":20}},"2":{"start":{"line":7,"column":18},"end":{"line":7,"column":37}},"3":{"start":{"line":9,"column":22},"end":{"line":11,"column":12}},"4":{"start":{"line":10,"column":16},"end":{"line":10,"column":43}},"5":{"start":{"line":13,"column":22},"end":{"line":15,"column":12}},"6":{"start":{"line":14,"column":16},"end":{"line":14,"column":43}},"7":{"start":{"line":17,"column":32},"end":{"line":19,"column":12}},"8":{"start":{"line":18,"column":16},"end":{"line":18,"column":72}},"9":{"start":{"line":21,"column":4},"end":{"line":21,"column":73}},"10":{"start":{"line":24,"column":2},"end":{"line":69,"column":4}}},"fnMap":{"0":{"name":"(anonymous_0)","decl":{"start":{"line":5,"column":21},"end":{"line":5,"column":22}},"loc":{"start":{"line":5,"column":48},"end":{"line":70,"column":1}},"line":5},"1":{"name":"(anonymous_1)","decl":{"start":{"line":6,"column":30},"end":{"line":6,"column":31}},"loc":{"start":{"line":6,"column":36},"end":{"line":22,"column":3}},"line":6},"2":{"name":"(anonymous_2)","decl":{"start":{"line":10,"column":6},"end":{"line":10,"column":7}},"loc":{"start":{"line":10,"column":16},"end":{"line":10,"column":43}},"line":10},"3":{"name":"(anonymous_3)","decl":{"start":{"line":14,"column":6},"end":{"line":14,"column":7}},"loc":{"start":{"line":14,"column":16},"end":{"line":14,"column":43}},"line":14},"4":{"name":"(anonymous_4)","decl":{"start":{"line":18,"column":6},"end":{"line":18,"column":7}},"loc":{"start":{"line":18,"column":16},"end":{"line":18,"column":72}},"line":18}},"branchMap":{"0":{"loc":{"start":{"line":5,"column":24},"end":{"line":5,"column":41}},"type":"default-arg","locations":[{"start":{"line":5,"column":39},"end":{"line":5,"column":41}}],"line":5},"1":{"loc":{"start":{"line":18,"column":16},"end":{"line":18,"column":72}},"type":"binary-expr","locations":[{"start":{"line":18,"column":16},"end":{"line":18,"column":43}},{"start":{"line":18,"column":47},"end":{"line":18,"column":72}}],"line":18}},"s":{"0":1,"1":6,"2":6,"3":6,"4":6,"5":6,"6":6,"7":6,"8":6,"9":6,"10":6},"f":{"0":6,"1":6,"2":6,"3":6,"4":6},"b":{"0":[3],"1":[6,6]},"_coverageSchema":"1a1c01bbd47fc00a2c39e90264f33305004495a9","hash":"c0f64b15f34829b4cc4eba962b308d0aa774b424"}
,"C:\\Users\\annap\\OneDrive\\Área de Trabalho\\MyPetSync-FrontEnd\\FrontEndWeb\\src\\components\\agenda\\NewAppointmentModal.jsx": {"path":"C:\\Users\\annap\\OneDrive\\Área de Trabalho\\MyPetSync-FrontEnd\\FrontEndWeb\\src\\components\\agenda\\NewAppointmentModal.jsx","statementMap":{"0":{"start":{"line":14,"column":16},"end":{"line":21,"column":1}},"1":{"start":{"line":15,"column":2},"end":{"line":20,"column":8}},"2":{"start":{"line":23,"column":14},"end":{"line":52,"column":1}},"3":{"start":{"line":33,"column":2},"end":{"line":51,"column":8}},"4":{"start":{"line":54,"column":17},"end":{"line":65,"column":1}},"5":{"start":{"line":55,"column":2},"end":{"line":64,"column":8}},"6":{"start":{"line":67,"column":15},"end":{"line":97,"column":1}},"7":{"start":{"line":76,"column":2},"end":{"line":96,"column":8}},"8":{"start":{"line":91,"column":8},"end":{"line":93,"column":17}},"9":{"start":{"line":99,"column":21},"end":{"line":123,"column":1}},"10":{"start":{"line":100,"column":2},"end":{"line":122,"column":8}},"11":{"start":{"line":106,"column":8},"end":{"line":119,"column":16}},"12":{"start":{"line":115,"column":28},"end":{"line":115,"column":44}},"13":{"start":{"line":125,"column":28},"end":{"line":412,"column":1}},"14":{"start":{"line":146,"column":6},"end":{"line":146,"column":31}},"15":{"start":{"line":148,"column":2},"end":{"line":148,"column":33}},"16":{"start":{"line":148,"column":21},"end":{"line":148,"column":33}},"17":{"start":{"line":150,"column":2},"end":{"line":411,"column":4}},"18":{"start":{"line":158,"column":24},"end":{"line":158,"column":43}},"19":{"start":{"line":185,"column":31},"end":{"line":185,"column":55}},"20":{"start":{"line":223,"column":22},"end":{"line":230,"column":28}},"21":{"start":{"line":226,"column":39},"end":{"line":226,"column":59}}},"fnMap":{"0":{"name":"(anonymous_0)","decl":{"start":{"line":14,"column":16},"end":{"line":14,"column":17}},"loc":{"start":{"line":15,"column":2},"end":{"line":20,"column":8}},"line":15},"1":{"name":"(anonymous_1)","decl":{"start":{"line":23,"column":14},"end":{"line":23,"column":15}},"loc":{"start":{"line":33,"column":2},"end":{"line":51,"column":8}},"line":33},"2":{"name":"(anonymous_2)","decl":{"start":{"line":54,"column":17},"end":{"line":54,"column":18}},"loc":{"start":{"line":55,"column":2},"end":{"line":64,"column":8}},"line":55},"3":{"name":"(anonymous_3)","decl":{"start":{"line":67,"column":15},"end":{"line":67,"column":16}},"loc":{"start":{"line":76,"column":2},"end":{"line":96,"column":8}},"line":76},"4":{"name":"(anonymous_4)","decl":{"start":{"line":90,"column":19},"end":{"line":90,"column":20}},"loc":{"start":{"line":91,"column":8},"end":{"line":93,"column":17}},"line":91},"5":{"name":"(anonymous_5)","decl":{"start":{"line":99,"column":21},"end":{"line":99,"column":22}},"loc":{"start":{"line":100,"column":2},"end":{"line":122,"column":8}},"line":100},"6":{"name":"(anonymous_6)","decl":{"start":{"line":105,"column":51},"end":{"line":105,"column":52}},"loc":{"start":{"line":106,"column":8},"end":{"line":119,"column":16}},"line":106},"7":{"name":"(anonymous_7)","decl":{"start":{"line":115,"column":22},"end":{"line":115,"column":23}},"loc":{"start":{"line":115,"column":28},"end":{"line":115,"column":44}},"line":115},"8":{"name":"(anonymous_8)","decl":{"start":{"line":125,"column":28},"end":{"line":125,"column":29}},"loc":{"start":{"line":125,"column":39},"end":{"line":412,"column":1}},"line":125},"9":{"name":"(anonymous_9)","decl":{"start":{"line":158,"column":17},"end":{"line":158,"column":18}},"loc":{"start":{"line":158,"column":24},"end":{"line":158,"column":43}},"line":158},"10":{"name":"(anonymous_10)","decl":{"start":{"line":185,"column":25},"end":{"line":185,"column":26}},"loc":{"start":{"line":185,"column":31},"end":{"line":185,"column":55}},"line":185},"11":{"name":"(anonymous_11)","decl":{"start":{"line":222,"column":39},"end":{"line":222,"column":40}},"loc":{"start":{"line":223,"column":22},"end":{"line":230,"column":28}},"line":223},"12":{"name":"(anonymous_12)","decl":{"start":{"line":226,"column":33},"end":{"line":226,"column":34}},"loc":{"start":{"line":226,"column":39},"end":{"line":226,"column":59}},"line":226}},"branchMap":{"0":{"loc":{"start":{"line":14,"column":55},"end":{"line":14,"column":69}},"type":"default-arg","locations":[{"start":{"line":14,"column":67},"end":{"line":14,"column":69}}],"line":14},"1":{"loc":{"start":{"line":27,"column":2},"end":{"line":27,"column":15}},"type":"default-arg","locations":[{"start":{"line":27,"column":9},"end":{"line":27,"column":15}}],"line":27},"2":{"loc":{"start":{"line":36,"column":7},"end":{"line":38,"column":7}},"type":"binary-expr","locations":[{"start":{"line":36,"column":7},"end":{"line":36,"column":11}},{"start":{"line":37,"column":8},"end":{"line":37,"column":101}}],"line":36},"3":{"loc":{"start":{"line":46,"column":10},"end":{"line":46,"column":33}},"type":"cond-expr","locations":[{"start":{"line":46,"column":17},"end":{"line":46,"column":24}},{"start":{"line":46,"column":27},"end":{"line":46,"column":33}}],"line":46},"4":{"loc":{"start":{"line":70,"column":2},"end":{"line":70,"column":43}},"type":"default-arg","locations":[{"start":{"line":70,"column":19},"end":{"line":70,"column":43}}],"line":70},"5":{"loc":{"start":{"line":84,"column":8},"end":{"line":84,"column":56}},"type":"cond-expr","locations":[{"start":{"line":84,"column":19},"end":{"line":84,"column":51}},{"start":{"line":84,"column":54},"end":{"line":84,"column":56}}],"line":84},"6":{"loc":{"start":{"line":148,"column":2},"end":{"line":148,"column":33}},"type":"if","locations":[{"start":{"line":148,"column":2},"end":{"line":148,"column":33}},{"start":{},"end":{}}],"line":148},"7":{"loc":{"start":{"line":162,"column":13},"end":{"line":162,"column":66}},"type":"cond-expr","locations":[{"start":{"line":162,"column":25},"end":{"line":162,"column":45}},{"start":{"line":162,"column":48},"end":{"line":162,"column":66}}],"line":162},"8":{"loc":{"start":{"line":175,"column":11},"end":{"line":179,"column":11}},"type":"binary-expr","locations":[{"start":{"line":175,"column":11},"end":{"line":175,"column":16}},{"start":{"line":176,"column":12},"end":{"line":178,"column":18}}],"line":175},"9":{"loc":{"start":{"line":180,"column":11},"end":{"line":192,"column":11}},"type":"binary-expr","locations":[{"start":{"line":180,"column":11},"end":{"line":180,"column":28}},{"start":{"line":181,"column":12},"end":{"line":191,"column":18}}],"line":180},"10":{"loc":{"start":{"line":210,"column":17},"end":{"line":233,"column":17}},"type":"binary-expr","locations":[{"start":{"line":210,"column":18},"end":{"line":210,"column":29}},{"start":{"line":210,"column":33},"end":{"line":210,"column":57}},{"start":{"line":211,"column":18},"end":{"line":232,"column":24}}],"line":210},"11":{"loc":{"start":{"line":212,"column":21},"end":{"line":214,"column":21}},"type":"binary-expr","locations":[{"start":{"line":212,"column":21},"end":{"line":212,"column":32}},{"start":{"line":213,"column":22},"end":{"line":213,"column":74}}],"line":212},"12":{"loc":{"start":{"line":215,"column":21},"end":{"line":221,"column":23}},"type":"binary-expr","locations":[{"start":{"line":215,"column":21},"end":{"line":215,"column":33}},{"start":{"line":216,"column":22},"end":{"line":216,"column":48}},{"start":{"line":217,"column":22},"end":{"line":217,"column":49}},{"start":{"line":218,"column":24},"end":{"line":220,"column":30}}],"line":215},"13":{"loc":{"start":{"line":234,"column":17},"end":{"line":238,"column":17}},"type":"binary-expr","locations":[{"start":{"line":234,"column":17},"end":{"line":234,"column":30}},{"start":{"line":235,"column":18},"end":{"line":237,"column":22}}],"line":234},"14":{"loc":{"start":{"line":247,"column":26},"end":{"line":247,"column":54}},"type":"cond-expr","locations":[{"start":{"line":247,"column":42},"end":{"line":247,"column":46}},{"start":{"line":247,"column":49},"end":{"line":247,"column":54}}],"line":247},"15":{"loc":{"start":{"line":278,"column":17},"end":{"line":280,"column":54}},"type":"cond-expr","locations":[{"start":{"line":279,"column":20},"end":{"line":279,"column":35}},{"start":{"line":280,"column":20},"end":{"line":280,"column":54}}],"line":278},"16":{"loc":{"start":{"line":280,"column":20},"end":{"line":280,"column":54}},"type":"binary-expr","locations":[{"start":{"line":280,"column":20},"end":{"line":280,"column":32}},{"start":{"line":280,"column":36},"end":{"line":280,"column":54}}],"line":280},"17":{"loc":{"start":{"line":287,"column":16},"end":{"line":291,"column":44}},"type":"cond-expr","locations":[{"start":{"line":288,"column":20},"end":{"line":288,"column":44}},{"start":{"line":289,"column":20},"end":{"line":291,"column":44}}],"line":287},"18":{"loc":{"start":{"line":289,"column":20},"end":{"line":291,"column":44}},"type":"cond-expr","locations":[{"start":{"line":290,"column":20},"end":{"line":290,"column":72}},{"start":{"line":291,"column":20},"end":{"line":291,"column":44}}],"line":289},"19":{"loc":{"start":{"line":297,"column":16},"end":{"line":297,"column":72}},"type":"binary-expr","locations":[{"start":{"line":297,"column":16},"end":{"line":297,"column":38}},{"start":{"line":297,"column":42},"end":{"line":297,"column":72}}],"line":297},"20":{"loc":{"start":{"line":372,"column":11},"end":{"line":389,"column":11}},"type":"binary-expr","locations":[{"start":{"line":372,"column":11},"end":{"line":372,"column":20}},{"start":{"line":373,"column":12},"end":{"line":388,"column":21}}],"line":372},"21":{"loc":{"start":{"line":379,"column":15},"end":{"line":387,"column":15}},"type":"cond-expr","locations":[{"start":{"line":380,"column":16},"end":{"line":382,"column":19}},{"start":{"line":384,"column":16},"end":{"line":386,"column":19}}],"line":379},"22":{"loc":{"start":{"line":396,"column":24},"end":{"line":396,"column":46}},"type":"binary-expr","locations":[{"start":{"line":396,"column":24},"end":{"line":396,"column":32}},{"start":{"line":396,"column":36},"end":{"line":396,"column":46}}],"line":396},"23":{"loc":{"start":{"line":405,"column":15},"end":{"line":405,"column":50}},"type":"cond-expr","locations":[{"start":{"line":405,"column":26},"end":{"line":405,"column":39}},{"start":{"line":405,"column":42},"end":{"line":405,"column":50}}],"line":405}},"s":{"0":1,"1":5,"2":1,"3":5,"4":1,"5":1,"6":1,"7":3,"8":16,"9":1,"10":1,"11":3,"12":0,"13":1,"14":1,"15":1,"16":0,"17":1,"18":1,"19":0,"20":0,"21":0},"f":{"0":5,"1":5,"2":1,"3":3,"4":16,"5":1,"6":3,"7":0,"8":1,"9":1,"10":0,"11":0,"12":0},"b":{"0":[0],"1":[2],"2":[5,4],"3":[4,1],"4":[0],"5":[0,3],"6":[0,1],"7":[0,1],"8":[1,0],"9":[1,0],"10":[1,1,0],"11":[0,0],"12":[0,0,0,0],"13":[1,0],"14":[0,1],"15":[0,1],"16":[1,0],"17":[0,1],"18":[0,1],"19":[1,1],"20":[1,0],"21":[0,0],"22":[1,1],"23":[0,1]},"_coverageSchema":"1a1c01bbd47fc00a2c39e90264f33305004495a9","hash":"d723d6b1ae78391d7808c3d2f5d5e68d19a91813"}
,"C:\\Users\\annap\\OneDrive\\Área de Trabalho\\MyPetSync-FrontEnd\\FrontEndWeb\\src\\components\\agenda\\TimeSlotButton.jsx": {"path":"C:\\Users\\annap\\OneDrive\\Área de Trabalho\\MyPetSync-FrontEnd\\FrontEndWeb\\src\\components\\agenda\\TimeSlotButton.jsx","statementMap":{"0":{"start":{"line":1,"column":23},"end":{"line":14,"column":1}},"1":{"start":{"line":2,"column":2},"end":{"line":13,"column":4}},"2":{"start":{"line":8,"column":23},"end":{"line":8,"column":45}}},"fnMap":{"0":{"name":"(anonymous_0)","decl":{"start":{"line":1,"column":23},"end":{"line":1,"column":24}},"loc":{"start":{"line":1,"column":55},"end":{"line":14,"column":1}},"line":1},"1":{"name":"(anonymous_1)","decl":{"start":{"line":8,"column":17},"end":{"line":8,"column":18}},"loc":{"start":{"line":8,"column":23},"end":{"line":8,"column":45}},"line":8}},"branchMap":{},"s":{"0":1,"1":3,"2":1},"f":{"0":3,"1":1},"b":{},"_coverageSchema":"1a1c01bbd47fc00a2c39e90264f33305004495a9","hash":"eb3a2cc40ad264a450aa6625b9d210be7434ecbb"}
,"C:\\Users\\annap\\OneDrive\\Área de Trabalho\\MyPetSync-FrontEnd\\FrontEndWeb\\src\\components\\agenda\\appointmentConstants.jsx": {"path":"C:\\Users\\annap\\OneDrive\\Área de Trabalho\\MyPetSync-FrontEnd\\FrontEndWeb\\src\\components\\agenda\\appointmentConstants.jsx","statementMap":{"0":{"start":{"line":1,"column":43},"end":{"line":9,"column":1}},"1":{"start":{"line":11,"column":26},"end":{"line":15,"column":1}},"2":{"start":{"line":17,"column":28},"end":{"line":17,"column":72}},"3":{"start":{"line":19,"column":34},"end":{"line":24,"column":1}}},"fnMap":{},"branchMap":{},"s":{"0":0,"1":0,"2":0,"3":0},"f":{},"b":{}}
,"C:\\Users\\annap\\OneDrive\\Área de Trabalho\\MyPetSync-FrontEnd\\FrontEndWeb\\src\\components\\agenda\\useAppointmentForm.jsx": {"path":"C:\\Users\\annap\\OneDrive\\Área de Trabalho\\MyPetSync-FrontEnd\\FrontEndWeb\\src\\components\\agenda\\useAppointmentForm.jsx","statementMap":{"0":{"start":{"line":20,"column":27},"end":{"line":59,"column":1}},"1":{"start":{"line":21,"column":2},"end":{"line":45,"column":3}},"2":{"start":{"line":22,"column":17},"end":{"line":22,"column":40}},"3":{"start":{"line":23,"column":26},"end":{"line":23,"column":39}},"4":{"start":{"line":24,"column":23},"end":{"line":24,"column":51}},"5":{"start":{"line":26,"column":4},"end":{"line":44,"column":6}},"6":{"start":{"line":41,"column":19},"end":{"line":41,"column":54}},"7":{"start":{"line":47,"column":2},"end":{"line":58,"column":4}},"8":{"start":{"line":61,"column":34},"end":{"line":304,"column":1}},"9":{"start":{"line":71,"column":20},"end":{"line":71,"column":39}},"10":{"start":{"line":72,"column":27},"end":{"line":72,"column":37}},"11":{"start":{"line":74,"column":44},"end":{"line":74,"column":56}},"12":{"start":{"line":75,"column":44},"end":{"line":75,"column":56}},"13":{"start":{"line":76,"column":40},"end":{"line":76,"column":55}},"14":{"start":{"line":77,"column":28},"end":{"line":77,"column":42}},"15":{"start":{"line":78,"column":34},"end":{"line":78,"column":49}},"16":{"start":{"line":79,"column":38},"end":{"line":79,"column":53}},"17":{"start":{"line":80,"column":34},"end":{"line":82,"column":3}},"18":{"start":{"line":83,"column":42},"end":{"line":83,"column":54}},"19":{"start":{"line":84,"column":52},"end":{"line":84,"column":64}},"20":{"start":{"line":85,"column":60},"end":{"line":85,"column":75}},"21":{"start":{"line":87,"column":2},"end":{"line":94,"column":60}},"22":{"start":{"line":88,"column":4},"end":{"line":90,"column":6}},"23":{"start":{"line":91,"column":4},"end":{"line":91,"column":73}},"24":{"start":{"line":92,"column":4},"end":{"line":92,"column":19}},"25":{"start":{"line":93,"column":4},"end":{"line":93,"column":24}},"26":{"start":{"line":96,"column":2},"end":{"line":114,"column":40}},"27":{"start":{"line":97,"column":28},"end":{"line":112,"column":11}},"28":{"start":{"line":98,"column":6},"end":{"line":111,"column":7}},"29":{"start":{"line":99,"column":8},"end":{"line":99,"column":29}},"30":{"start":{"line":100,"column":8},"end":{"line":108,"column":9}},"31":{"start":{"line":101,"column":26},"end":{"line":101,"column":60}},"32":{"start":{"line":102,"column":10},"end":{"line":102,"column":36}},"33":{"start":{"line":104,"column":10},"end":{"line":104,"column":55}},"34":{"start":{"line":105,"column":10},"end":{"line":105,"column":31}},"35":{"start":{"line":107,"column":10},"end":{"line":107,"column":32}},"36":{"start":{"line":110,"column":8},"end":{"line":110,"column":29}},"37":{"start":{"line":113,"column":4},"end":{"line":113,"column":47}},"38":{"start":{"line":113,"column":17},"end":{"line":113,"column":46}},"39":{"start":{"line":116,"column":2},"end":{"line":154,"column":57}},"40":{"start":{"line":117,"column":29},"end":{"line":119,"column":18}},"41":{"start":{"line":121,"column":4},"end":{"line":126,"column":5}},"42":{"start":{"line":122,"column":6},"end":{"line":122,"column":56}},"43":{"start":{"line":122,"column":49},"end":{"line":122,"column":56}},"44":{"start":{"line":123,"column":6},"end":{"line":124,"column":45}},"45":{"start":{"line":124,"column":8},"end":{"line":124,"column":45}},"46":{"start":{"line":125,"column":6},"end":{"line":125,"column":13}},"47":{"start":{"line":128,"column":22},"end":{"line":149,"column":5}},"48":{"start":{"line":129,"column":6},"end":{"line":129,"column":37}},"49":{"start":{"line":130,"column":17},"end":{"line":130,"column":19}},"50":{"start":{"line":131,"column":6},"end":{"line":148,"column":7}},"51":{"start":{"line":132,"column":8},"end":{"line":137,"column":9}},"52":{"start":{"line":133,"column":10},"end":{"line":133,"column":57}},"53":{"start":{"line":135,"column":26},"end":{"line":135,"column":54}},"54":{"start":{"line":136,"column":10},"end":{"line":136,"column":40}},"55":{"start":{"line":138,"column":8},"end":{"line":138,"column":52}},"56":{"start":{"line":139,"column":8},"end":{"line":142,"column":12}},"57":{"start":{"line":140,"column":10},"end":{"line":142,"column":12}},"58":{"start":{"line":144,"column":8},"end":{"line":144,"column":66}},"59":{"start":{"line":145,"column":8},"end":{"line":145,"column":42}},"60":{"start":{"line":147,"column":8},"end":{"line":147,"column":40}},"61":{"start":{"line":151,"column":4},"end":{"line":153,"column":5}},"62":{"start":{"line":152,"column":6},"end":{"line":152,"column":18}},"63":{"start":{"line":156,"column":2},"end":{"line":166,"column":61}},"64":{"start":{"line":157,"column":21},"end":{"line":157,"column":68}},"65":{"start":{"line":158,"column":4},"end":{"line":158,"column":35}},"66":{"start":{"line":160,"column":27},"end":{"line":160,"column":47}},"67":{"start":{"line":161,"column":4},"end":{"line":165,"column":5}},"68":{"start":{"line":162,"column":6},"end":{"line":164,"column":7}},"69":{"start":{"line":163,"column":8},"end":{"line":163,"column":62}},"70":{"start":{"line":163,"column":31},"end":{"line":163,"column":59}},"71":{"start":{"line":168,"column":23},"end":{"line":172,"column":8}},"72":{"start":{"line":169,"column":28},"end":{"line":169,"column":36}},"73":{"start":{"line":170,"column":4},"end":{"line":170,"column":56}},"74":{"start":{"line":170,"column":27},"end":{"line":170,"column":53}},"75":{"start":{"line":171,"column":4},"end":{"line":171,"column":49}},"76":{"start":{"line":171,"column":28},"end":{"line":171,"column":49}},"77":{"start":{"line":174,"column":26},"end":{"line":182,"column":8}},"78":{"start":{"line":175,"column":4},"end":{"line":175,"column":30}},"79":{"start":{"line":176,"column":4},"end":{"line":180,"column":8}},"80":{"start":{"line":176,"column":27},"end":{"line":180,"column":5}},"81":{"start":{"line":181,"column":4},"end":{"line":181,"column":25}},"82":{"start":{"line":184,"column":29},"end":{"line":186,"column":8}},"83":{"start":{"line":185,"column":4},"end":{"line":185,"column":62}},"84":{"start":{"line":185,"column":27},"end":{"line":185,"column":59}},"85":{"start":{"line":188,"column":23},"end":{"line":239,"column":3}},"86":{"start":{"line":189,"column":4},"end":{"line":189,"column":23}},"87":{"start":{"line":190,"column":4},"end":{"line":190,"column":22}},"88":{"start":{"line":191,"column":4},"end":{"line":191,"column":19}},"89":{"start":{"line":193,"column":4},"end":{"line":197,"column":5}},"90":{"start":{"line":194,"column":6},"end":{"line":194,"column":76}},"91":{"start":{"line":195,"column":6},"end":{"line":195,"column":25}},"92":{"start":{"line":196,"column":6},"end":{"line":196,"column":13}},"93":{"start":{"line":200,"column":6},"end":{"line":200,"column":62}},"94":{"start":{"line":201,"column":4},"end":{"line":205,"column":5}},"95":{"start":{"line":202,"column":6},"end":{"line":202,"column":61}},"96":{"start":{"line":203,"column":6},"end":{"line":203,"column":25}},"97":{"start":{"line":204,"column":6},"end":{"line":204,"column":13}},"98":{"start":{"line":207,"column":4},"end":{"line":211,"column":5}},"99":{"start":{"line":208,"column":6},"end":{"line":208,"column":58}},"100":{"start":{"line":209,"column":6},"end":{"line":209,"column":25}},"101":{"start":{"line":210,"column":6},"end":{"line":210,"column":13}},"102":{"start":{"line":213,"column":20},"end":{"line":222,"column":5}},"103":{"start":{"line":224,"column":4},"end":{"line":238,"column":5}},"104":{"start":{"line":225,"column":6},"end":{"line":230,"column":7}},"105":{"start":{"line":226,"column":8},"end":{"line":226,"column":64}},"106":{"start":{"line":228,"column":30},"end":{"line":228,"column":66}},"107":{"start":{"line":229,"column":8},"end":{"line":229,"column":59}},"108":{"start":{"line":231,"column":6},"end":{"line":231,"column":29}},"109":{"start":{"line":232,"column":6},"end":{"line":232,"column":18}},"110":{"start":{"line":234,"column":6},"end":{"line":234,"column":56}},"111":{"start":{"line":235,"column":6},"end":{"line":235,"column":49}},"112":{"start":{"line":237,"column":6},"end":{"line":237,"column":25}},"113":{"start":{"line":241,"column":23},"end":{"line":264,"column":3}},"114":{"start":{"line":242,"column":4},"end":{"line":242,"column":40}},"115":{"start":{"line":242,"column":33},"end":{"line":242,"column":40}},"116":{"start":{"line":244,"column":4},"end":{"line":250,"column":5}},"117":{"start":{"line":249,"column":6},"end":{"line":249,"column":13}},"118":{"start":{"line":252,"column":4},"end":{"line":252,"column":24}},"119":{"start":{"line":253,"column":4},"end":{"line":253,"column":19}},"120":{"start":{"line":254,"column":4},"end":{"line":263,"column":5}},"121":{"start":{"line":255,"column":6},"end":{"line":255,"column":53}},"122":{"start":{"line":256,"column":6},"end":{"line":256,"column":29}},"123":{"start":{"line":257,"column":6},"end":{"line":257,"column":18}},"124":{"start":{"line":259,"column":6},"end":{"line":259,"column":57}},"125":{"start":{"line":260,"column":6},"end":{"line":260,"column":50}},"126":{"start":{"line":262,"column":6},"end":{"line":262,"column":27}},"127":{"start":{"line":266,"column":30},"end":{"line":266,"column":64}},"128":{"start":{"line":267,"column":31},"end":{"line":267,"column":68}},"129":{"start":{"line":269,"column":4},"end":{"line":269,"column":57}},"130":{"start":{"line":271,"column":4},"end":{"line":271,"column":54}},"131":{"start":{"line":274,"column":4},"end":{"line":278,"column":34}},"132":{"start":{"line":279,"column":36},"end":{"line":279,"column":58}},"133":{"start":{"line":281,"column":2},"end":{"line":303,"column":4}}},"fnMap":{"0":{"name":"(anonymous_0)","decl":{"start":{"line":20,"column":27},"end":{"line":20,"column":28}},"loc":{"start":{"line":20,"column":63},"end":{"line":59,"column":1}},"line":20},"1":{"name":"(anonymous_1)","decl":{"start":{"line":41,"column":10},"end":{"line":41,"column":11}},"loc":{"start":{"line":41,"column":19},"end":{"line":41,"column":54}},"line":41},"2":{"name":"(anonymous_2)","decl":{"start":{"line":61,"column":34},"end":{"line":61,"column":35}},"loc":{"start":{"line":70,"column":6},"end":{"line":304,"column":1}},"line":70},"3":{"name":"(anonymous_3)","decl":{"start":{"line":87,"column":12},"end":{"line":87,"column":13}},"loc":{"start":{"line":87,"column":18},"end":{"line":94,"column":3}},"line":87},"4":{"name":"(anonymous_4)","decl":{"start":{"line":96,"column":12},"end":{"line":96,"column":13}},"loc":{"start":{"line":96,"column":18},"end":{"line":114,"column":3}},"line":96},"5":{"name":"(anonymous_5)","decl":{"start":{"line":97,"column":39},"end":{"line":97,"column":40}},"loc":{"start":{"line":97,"column":51},"end":{"line":112,"column":5}},"line":97},"6":{"name":"(anonymous_6)","decl":{"start":{"line":113,"column":11},"end":{"line":113,"column":12}},"loc":{"start":{"line":113,"column":17},"end":{"line":113,"column":46}},"line":113},"7":{"name":"(anonymous_7)","decl":{"start":{"line":116,"column":12},"end":{"line":116,"column":13}},"loc":{"start":{"line":116,"column":18},"end":{"line":154,"column":3}},"line":116},"8":{"name":"(anonymous_8)","decl":{"start":{"line":128,"column":22},"end":{"line":128,"column":23}},"loc":{"start":{"line":128,"column":34},"end":{"line":149,"column":5}},"line":128},"9":{"name":"(anonymous_9)","decl":{"start":{"line":156,"column":12},"end":{"line":156,"column":13}},"loc":{"start":{"line":156,"column":18},"end":{"line":166,"column":3}},"line":156},"10":{"name":"(anonymous_10)","decl":{"start":{"line":163,"column":20},"end":{"line":163,"column":21}},"loc":{"start":{"line":163,"column":31},"end":{"line":163,"column":59}},"line":163},"11":{"name":"(anonymous_11)","decl":{"start":{"line":168,"column":35},"end":{"line":168,"column":36}},"loc":{"start":{"line":168,"column":42},"end":{"line":172,"column":3}},"line":168},"12":{"name":"(anonymous_12)","decl":{"start":{"line":170,"column":16},"end":{"line":170,"column":17}},"loc":{"start":{"line":170,"column":27},"end":{"line":170,"column":53}},"line":170},"13":{"name":"(anonymous_13)","decl":{"start":{"line":174,"column":38},"end":{"line":174,"column":39}},"loc":{"start":{"line":174,"column":47},"end":{"line":182,"column":3}},"line":174},"14":{"name":"(anonymous_14)","decl":{"start":{"line":176,"column":16},"end":{"line":176,"column":17}},"loc":{"start":{"line":176,"column":27},"end":{"line":180,"column":5}},"line":176},"15":{"name":"(anonymous_15)","decl":{"start":{"line":184,"column":41},"end":{"line":184,"column":42}},"loc":{"start":{"line":184,"column":58},"end":{"line":186,"column":3}},"line":184},"16":{"name":"(anonymous_16)","decl":{"start":{"line":185,"column":16},"end":{"line":185,"column":17}},"loc":{"start":{"line":185,"column":27},"end":{"line":185,"column":59}},"line":185},"17":{"name":"(anonymous_17)","decl":{"start":{"line":188,"column":23},"end":{"line":188,"column":24}},"loc":{"start":{"line":188,"column":36},"end":{"line":239,"column":3}},"line":188},"18":{"name":"(anonymous_18)","decl":{"start":{"line":241,"column":23},"end":{"line":241,"column":24}},"loc":{"start":{"line":241,"column":35},"end":{"line":264,"column":3}},"line":241}},"branchMap":{"0":{"loc":{"start":{"line":21,"column":2},"end":{"line":45,"column":3}},"type":"if","locations":[{"start":{"line":21,"column":2},"end":{"line":45,"column":3}},{"start":{},"end":{}}],"line":21},"1":{"loc":{"start":{"line":21,"column":6},"end":{"line":21,"column":22}},"type":"binary-expr","locations":[{"start":{"line":21,"column":6},"end":{"line":21,"column":10}},{"start":{"line":21,"column":14},"end":{"line":21,"column":22}}],"line":21},"2":{"loc":{"start":{"line":24,"column":23},"end":{"line":24,"column":51}},"type":"binary-expr","locations":[{"start":{"line":24,"column":23},"end":{"line":24,"column":45}},{"start":{"line":24,"column":49},"end":{"line":24,"column":51}}],"line":24},"3":{"loc":{"start":{"line":27,"column":15},"end":{"line":27,"column":34}},"type":"binary-expr","locations":[{"start":{"line":27,"column":15},"end":{"line":27,"column":28}},{"start":{"line":27,"column":32},"end":{"line":27,"column":34}}],"line":27},"4":{"loc":{"start":{"line":37,"column":19},"end":{"line":37,"column":36}},"type":"binary-expr","locations":[{"start":{"line":37,"column":19},"end":{"line":37,"column":30}},{"start":{"line":37,"column":34},"end":{"line":37,"column":36}}],"line":37},"5":{"loc":{"start":{"line":38,"column":13},"end":{"line":38,"column":29}},"type":"binary-expr","locations":[{"start":{"line":38,"column":13},"end":{"line":38,"column":23}},{"start":{"line":38,"column":27},"end":{"line":38,"column":29}}],"line":38},"6":{"loc":{"start":{"line":40,"column":8},"end":{"line":42,"column":21}},"type":"binary-expr","locations":[{"start":{"line":40,"column":8},"end":{"line":42,"column":9}},{"start":{"line":42,"column":13},"end":{"line":42,"column":21}}],"line":40},"7":{"loc":{"start":{"line":43,"column":14},"end":{"line":43,"column":59}},"type":"binary-expr","locations":[{"start":{"line":43,"column":14},"end":{"line":43,"column":45}},{"start":{"line":43,"column":49},"end":{"line":43,"column":59}}],"line":43},"8":{"loc":{"start":{"line":53,"column":10},"end":{"line":53,"column":63}},"type":"binary-expr","locations":[{"start":{"line":53,"column":10},"end":{"line":53,"column":21}},{"start":{"line":53,"column":25},"end":{"line":53,"column":63}}],"line":53},"9":{"loc":{"start":{"line":54,"column":10},"end":{"line":54,"column":32}},"type":"binary-expr","locations":[{"start":{"line":54,"column":10},"end":{"line":54,"column":21}},{"start":{"line":54,"column":25},"end":{"line":54,"column":32}}],"line":54},"10":{"loc":{"start":{"line":91,"column":21},"end":{"line":91,"column":71}},"type":"cond-expr","locations":[{"start":{"line":91,"column":41},"end":{"line":91,"column":66}},{"start":{"line":91,"column":69},"end":{"line":91,"column":71}}],"line":91},"11":{"loc":{"start":{"line":98,"column":6},"end":{"line":111,"column":7}},"type":"if","locations":[{"start":{"line":98,"column":6},"end":{"line":111,"column":7}},{"start":{"line":109,"column":13},"end":{"line":111,"column":7}}],"line":98},"12":{"loc":{"start":{"line":98,"column":10},"end":{"line":98,"column":55}},"type":"binary-expr","locations":[{"start":{"line":98,"column":10},"end":{"line":98,"column":37}},{"start":{"line":98,"column":41},"end":{"line":98,"column":55}}],"line":98},"13":{"loc":{"start":{"line":117,"column":29},"end":{"line":119,"column":18}},"type":"cond-expr","locations":[{"start":{"line":118,"column":8},"end":{"line":118,"column":40}},{"start":{"line":119,"column":8},"end":{"line":119,"column":18}}],"line":117},"14":{"loc":{"start":{"line":121,"column":4},"end":{"line":126,"column":5}},"type":"if","locations":[{"start":{"line":121,"column":4},"end":{"line":126,"column":5}},{"start":{},"end":{}}],"line":121},"15":{"loc":{"start":{"line":122,"column":6},"end":{"line":122,"column":56}},"type":"if","locations":[{"start":{"line":122,"column":6},"end":{"line":122,"column":56}},{"start":{},"end":{}}],"line":122},"16":{"loc":{"start":{"line":122,"column":10},"end":{"line":122,"column":47}},"type":"binary-expr","locations":[{"start":{"line":122,"column":10},"end":{"line":122,"column":26}},{"start":{"line":122,"column":30},"end":{"line":122,"column":47}}],"line":122},"17":{"loc":{"start":{"line":123,"column":6},"end":{"line":124,"column":45}},"type":"if","locations":[{"start":{"line":123,"column":6},"end":{"line":124,"column":45}},{"start":{},"end":{}}],"line":123},"18":{"loc":{"start":{"line":123,"column":10},"end":{"line":123,"column":55}},"type":"binary-expr","locations":[{"start":{"line":123,"column":10},"end":{"line":123,"column":16}},{"start":{"line":123,"column":20},"end":{"line":123,"column":38}},{"start":{"line":123,"column":42},"end":{"line":123,"column":55}}],"line":123},"19":{"loc":{"start":{"line":132,"column":8},"end":{"line":137,"column":9}},"type":"if","locations":[{"start":{"line":132,"column":8},"end":{"line":137,"column":9}},{"start":{"line":134,"column":15},"end":{"line":137,"column":9}}],"line":132},"20":{"loc":{"start":{"line":136,"column":17},"end":{"line":136,"column":39}},"type":"binary-expr","locations":[{"start":{"line":136,"column":17},"end":{"line":136,"column":33}},{"start":{"line":136,"column":37},"end":{"line":136,"column":39}}],"line":136},"21":{"loc":{"start":{"line":138,"column":24},"end":{"line":138,"column":50}},"type":"binary-expr","locations":[{"start":{"line":138,"column":24},"end":{"line":138,"column":28}},{"start":{"line":138,"column":32},"end":{"line":138,"column":50}}],"line":138},"22":{"loc":{"start":{"line":139,"column":8},"end":{"line":142,"column":12}},"type":"if","locations":[{"start":{"line":139,"column":8},"end":{"line":142,"column":12}},{"start":{},"end":{}}],"line":139},"23":{"loc":{"start":{"line":151,"column":4},"end":{"line":153,"column":5}},"type":"if","locations":[{"start":{"line":151,"column":4},"end":{"line":153,"column":5}},{"start":{},"end":{}}],"line":151},"24":{"loc":{"start":{"line":151,"column":8},"end":{"line":151,"column":31}},"type":"binary-expr","locations":[{"start":{"line":151,"column":8},"end":{"line":151,"column":14}},{"start":{"line":151,"column":18},"end":{"line":151,"column":31}}],"line":151},"25":{"loc":{"start":{"line":157,"column":21},"end":{"line":157,"column":68}},"type":"binary-expr","locations":[{"start":{"line":157,"column":21},"end":{"line":157,"column":62}},{"start":{"line":157,"column":66},"end":{"line":157,"column":68}}],"line":157},"26":{"loc":{"start":{"line":161,"column":4},"end":{"line":165,"column":5}},"type":"if","locations":[{"start":{"line":161,"column":4},"end":{"line":165,"column":5}},{"start":{},"end":{}}],"line":161},"27":{"loc":{"start":{"line":161,"column":8},"end":{"line":161,"column":60}},"type":"binary-expr","locations":[{"start":{"line":161,"column":8},"end":{"line":161,"column":22}},{"start":{"line":161,"column":26},"end":{"line":161,"column":60}}],"line":161},"28":{"loc":{"start":{"line":162,"column":6},"end":{"line":164,"column":7}},"type":"if","locations":[{"start":{"line":162,"column":6},"end":{"line":164,"column":7}},{"start":{},"end":{}}],"line":162},"29":{"loc":{"start":{"line":171,"column":4},"end":{"line":171,"column":49}},"type":"if","locations":[{"start":{"line":171,"column":4},"end":{"line":171,"column":49}},{"start":{},"end":{}}],"line":171},"30":{"loc":{"start":{"line":179,"column":18},"end":{"line":179,"column":41}},"type":"binary-expr","locations":[{"start":{"line":179,"column":18},"end":{"line":179,"column":35}},{"start":{"line":179,"column":39},"end":{"line":179,"column":41}}],"line":179},"31":{"loc":{"start":{"line":193,"column":4},"end":{"line":197,"column":5}},"type":"if","locations":[{"start":{"line":193,"column":4},"end":{"line":197,"column":5}},{"start":{},"end":{}}],"line":193},"32":{"loc":{"start":{"line":200,"column":6},"end":{"line":200,"column":62}},"type":"binary-expr","locations":[{"start":{"line":200,"column":6},"end":{"line":200,"column":16}},{"start":{"line":200,"column":20},"end":{"line":200,"column":41}},{"start":{"line":200,"column":45},"end":{"line":200,"column":62}}],"line":200},"33":{"loc":{"start":{"line":201,"column":4},"end":{"line":205,"column":5}},"type":"if","locations":[{"start":{"line":201,"column":4},"end":{"line":205,"column":5}},{"start":{},"end":{}}],"line":201},"34":{"loc":{"start":{"line":201,"column":8},"end":{"line":201,"column":38}},"type":"binary-expr","locations":[{"start":{"line":201,"column":8},"end":{"line":201,"column":18}},{"start":{"line":201,"column":22},"end":{"line":201,"column":38}}],"line":201},"35":{"loc":{"start":{"line":207,"column":4},"end":{"line":211,"column":5}},"type":"if","locations":[{"start":{"line":207,"column":4},"end":{"line":211,"column":5}},{"start":{},"end":{}}],"line":207},"36":{"loc":{"start":{"line":219,"column":14},"end":{"line":219,"column":56}},"type":"binary-expr","locations":[{"start":{"line":219,"column":14},"end":{"line":219,"column":41}},{"start":{"line":219,"column":45},"end":{"line":219,"column":56}}],"line":219},"37":{"loc":{"start":{"line":225,"column":6},"end":{"line":230,"column":7}},"type":"if","locations":[{"start":{"line":225,"column":6},"end":{"line":230,"column":7}},{"start":{"line":227,"column":13},"end":{"line":230,"column":7}}],"line":225},"38":{"loc":{"start":{"line":242,"column":4},"end":{"line":242,"column":40}},"type":"if","locations":[{"start":{"line":242,"column":4},"end":{"line":242,"column":40}},{"start":{},"end":{}}],"line":242},"39":{"loc":{"start":{"line":244,"column":4},"end":{"line":250,"column":5}},"type":"if","locations":[{"start":{"line":244,"column":4},"end":{"line":250,"column":5}},{"start":{},"end":{}}],"line":244},"40":{"loc":{"start":{"line":266,"column":30},"end":{"line":266,"column":64}},"type":"binary-expr","locations":[{"start":{"line":266,"column":30},"end":{"line":266,"column":42}},{"start":{"line":266,"column":46},"end":{"line":266,"column":64}}],"line":266},"41":{"loc":{"start":{"line":267,"column":31},"end":{"line":267,"column":68}},"type":"binary-expr","locations":[{"start":{"line":267,"column":31},"end":{"line":267,"column":47}},{"start":{"line":267,"column":51},"end":{"line":267,"column":68}}],"line":267},"42":{"loc":{"start":{"line":269,"column":4},"end":{"line":269,"column":57}},"type":"binary-expr","locations":[{"start":{"line":269,"column":4},"end":{"line":269,"column":20}},{"start":{"line":269,"column":24},"end":{"line":269,"column":35}},{"start":{"line":269,"column":39},"end":{"line":269,"column":57}}],"line":269},"43":{"loc":{"start":{"line":271,"column":4},"end":{"line":271,"column":54}},"type":"binary-expr","locations":[{"start":{"line":271,"column":4},"end":{"line":271,"column":25}},{"start":{"line":271,"column":30},"end":{"line":271,"column":43}},{"start":{"line":271,"column":47},"end":{"line":271,"column":53}}],"line":271},"44":{"loc":{"start":{"line":274,"column":4},"end":{"line":278,"column":34}},"type":"binary-expr","locations":[{"start":{"line":274,"column":4},"end":{"line":274,"column":12}},{"start":{"line":275,"column":4},"end":{"line":275,"column":14}},{"start":{"line":276,"column":5},"end":{"line":276,"column":21}},{"start":{"line":276,"column":25},"end":{"line":276,"column":45}},{"start":{"line":277,"column":4},"end":{"line":277,"column":26}},{"start":{"line":278,"column":4},"end":{"line":278,"column":34}}],"line":274},"45":{"loc":{"start":{"line":279,"column":36},"end":{"line":279,"column":58}},"type":"binary-expr","locations":[{"start":{"line":279,"column":36},"end":{"line":279,"column":44}},{"start":{"line":279,"column":48},"end":{"line":279,"column":58}}],"line":279}},"s":{"0":0,"1":0,"2":0,"3":0,"4":0,"5":0,"6":0,"7":0,"8":0,"9":0,"10":0,"11":0,"12":0,"13":0,"14":0,"15":0,"16":0,"17":0,"18":0,"19":0,"20":0,"21":0,"22":0,"23":0,"24":0,"25":0,"26":0,"27":0,"28":0,"29":0,"30":0,"31":0,"32":0,"33":0,"34":0,"35":0,"36":0,"37":0,"38":0,"39":0,"40":0,"41":0,"42":0,"43":0,"44":0,"45":0,"46":0,"47":0,"48":0,"49":0,"50":0,"51":0,"52":0,"53":0,"54":0,"55":0,"56":0,"57":0,"58":0,"59":0,"60":0,"61":0,"62":0,"63":0,"64":0,"65":0,"66":0,"67":0,"68":0,"69":0,"70":0,"71":0,"72":0,"73":0,"74":0,"75":0,"76":0,"77":0,"78":0,"79":0,"80":0,"81":0,"82":0,"83":0,"84":0,"85":0,"86":0,"87":0,"88":0,"89":0,"90":0,"91":0,"92":0,"93":0,"94":0,"95":0,"96":0,"97":0,"98":0,"99":0,"100":0,"101":0,"102":0,"103":0,"104":0,"105":0,"106":0,"107":0,"108":0,"109":0,"110":0,"111":0,"112":0,"113":0,"114":0,"115":0,"116":0,"117":0,"118":0,"119":0,"120":0,"121":0,"122":0,"123":0,"124":0,"125":0,"126":0,"127":0,"128":0,"129":0,"130":0,"131":0,"132":0,"133":0},"f":{"0":0,"1":0,"2":0,"3":0,"4":0,"5":0,"6":0,"7":0,"8":0,"9":0,"10":0,"11":0,"12":0,"13":0,"14":0,"15":0,"16":0,"17":0,"18":0},"b":{"0":[0,0],"1":[0,0],"2":[0,0],"3":[0,0],"4":[0,0],"5":[0,0],"6":[0,0],"7":[0,0],"8":[0,0],"9":[0,0],"10":[0,0],"11":[0,0],"12":[0,0],"13":[0,0],"14":[0,0],"15":[0,0],"16":[0,0],"17":[0,0],"18":[0,0,0],"19":[0,0],"20":[0,0],"21":[0,0],"22":[0,0],"23":[0,0],"24":[0,0],"25":[0,0],"26":[0,0],"27":[0,0],"28":[0,0],"29":[0,0],"30":[0,0],"31":[0,0],"32":[0,0,0],"33":[0,0],"34":[0,0],"35":[0,0],"36":[0,0],"37":[0,0],"38":[0,0],"39":[0,0],"40":[0,0],"41":[0,0],"42":[0,0,0],"43":[0,0,0],"44":[0,0,0,0,0,0],"45":[0,0]}}
,"C:\\Users\\annap\\OneDrive\\Área de Trabalho\\MyPetSync-FrontEnd\\FrontEndWeb\\src\\components\\auth\\AuthSidebar.jsx": {"path":"C:\\Users\\annap\\OneDrive\\Área de Trabalho\\MyPetSync-FrontEnd\\FrontEndWeb\\src\\components\\auth\\AuthSidebar.jsx","statementMap":{"0":{"start":{"line":3,"column":19},"end":{"line":3,"column":28}},"1":{"start":{"line":5,"column":20},"end":{"line":37,"column":1}},"2":{"start":{"line":9,"column":2},"end":{"line":36,"column":4}}},"fnMap":{"0":{"name":"(anonymous_0)","decl":{"start":{"line":5,"column":20},"end":{"line":5,"column":21}},"loc":{"start":{"line":8,"column":6},"end":{"line":37,"column":1}},"line":8}},"branchMap":{"0":{"loc":{"start":{"line":7,"column":2},"end":{"line":7,"column":43}},"type":"default-arg","locations":[{"start":{"line":7,"column":15},"end":{"line":7,"column":43}}],"line":7}},"s":{"0":2,"1":2,"2":23},"f":{"0":23},"b":{"0":[5]},"_coverageSchema":"1a1c01bbd47fc00a2c39e90264f33305004495a9","hash":"9df9f1d2c98d83af3ffcc99504e43c61787b6377"}
,"C:\\Users\\annap\\OneDrive\\Área de Trabalho\\MyPetSync-FrontEnd\\FrontEndWeb\\src\\components\\auth\\ForgotPassword.jsx": {"path":"C:\\Users\\annap\\OneDrive\\Área de Trabalho\\MyPetSync-FrontEnd\\FrontEndWeb\\src\\components\\auth\\ForgotPassword.jsx","statementMap":{"0":{"start":{"line":9,"column":24},"end":{"line":9,"column":33}},"1":{"start":{"line":10,"column":23},"end":{"line":105,"column":1}},"2":{"start":{"line":11,"column":28},"end":{"line":11,"column":40}},"3":{"start":{"line":12,"column":28},"end":{"line":12,"column":42}},"4":{"start":{"line":13,"column":32},"end":{"line":13,"column":46}},"5":{"start":{"line":14,"column":36},"end":{"line":14,"column":51}},"6":{"start":{"line":15,"column":19},"end":{"line":15,"column":32}},"7":{"start":{"line":16,"column":28},"end":{"line":20,"column":3}},"8":{"start":{"line":17,"column":4},"end":{"line":17,"column":29}},"9":{"start":{"line":18,"column":4},"end":{"line":18,"column":30}},"10":{"start":{"line":18,"column":15},"end":{"line":18,"column":30}},"11":{"start":{"line":19,"column":4},"end":{"line":19,"column":34}},"12":{"start":{"line":19,"column":17},"end":{"line":19,"column":34}},"13":{"start":{"line":21,"column":23},"end":{"line":44,"column":3}},"14":{"start":{"line":22,"column":4},"end":{"line":22,"column":23}},"15":{"start":{"line":23,"column":4},"end":{"line":23,"column":19}},"16":{"start":{"line":24,"column":4},"end":{"line":24,"column":21}},"17":{"start":{"line":25,"column":4},"end":{"line":25,"column":23}},"18":{"start":{"line":26,"column":4},"end":{"line":43,"column":5}},"19":{"start":{"line":27,"column":6},"end":{"line":27,"column":40}},"20":{"start":{"line":28,"column":6},"end":{"line":30,"column":8}},"21":{"start":{"line":31,"column":26},"end":{"line":31,"column":31}},"22":{"start":{"line":32,"column":6},"end":{"line":32,"column":19}},"23":{"start":{"line":33,"column":6},"end":{"line":35,"column":14}},"24":{"start":{"line":34,"column":8},"end":{"line":34,"column":68}},"25":{"start":{"line":37,"column":6},"end":{"line":40,"column":8}},"26":{"start":{"line":42,"column":6},"end":{"line":42,"column":26}},"27":{"start":{"line":46,"column":2},"end":{"line":104,"column":4}}},"fnMap":{"0":{"name":"(anonymous_0)","decl":{"start":{"line":10,"column":23},"end":{"line":10,"column":24}},"loc":{"start":{"line":10,"column":29},"end":{"line":105,"column":1}},"line":10},"1":{"name":"(anonymous_1)","decl":{"start":{"line":16,"column":28},"end":{"line":16,"column":29}},"loc":{"start":{"line":16,"column":35},"end":{"line":20,"column":3}},"line":16},"2":{"name":"(anonymous_2)","decl":{"start":{"line":21,"column":23},"end":{"line":21,"column":24}},"loc":{"start":{"line":21,"column":36},"end":{"line":44,"column":3}},"line":21},"3":{"name":"(anonymous_3)","decl":{"start":{"line":33,"column":17},"end":{"line":33,"column":18}},"loc":{"start":{"line":33,"column":23},"end":{"line":35,"column":7}},"line":33}},"branchMap":{"0":{"loc":{"start":{"line":18,"column":4},"end":{"line":18,"column":30}},"type":"if","locations":[{"start":{"line":18,"column":4},"end":{"line":18,"column":30}},{"start":{},"end":{}}],"line":18},"1":{"loc":{"start":{"line":19,"column":4},"end":{"line":19,"column":34}},"type":"if","locations":[{"start":{"line":19,"column":4},"end":{"line":19,"column":34}},{"start":{},"end":{}}],"line":19},"2":{"loc":{"start":{"line":38,"column":8},"end":{"line":39,"column":74}},"type":"binary-expr","locations":[{"start":{"line":38,"column":8},"end":{"line":38,"column":19}},{"start":{"line":39,"column":10},"end":{"line":39,"column":74}}],"line":38},"3":{"loc":{"start":{"line":68,"column":15},"end":{"line":70,"column":15}},"type":"binary-expr","locations":[{"start":{"line":68,"column":15},"end":{"line":68,"column":20}},{"start":{"line":69,"column":16},"end":{"line":69,"column":77}}],"line":68},"4":{"loc":{"start":{"line":71,"column":15},"end":{"line":75,"column":15}},"type":"binary-expr","locations":[{"start":{"line":71,"column":15},"end":{"line":71,"column":22}},{"start":{"line":72,"column":16},"end":{"line":74,"column":20}}],"line":71},"5":{"loc":{"start":{"line":82,"column":17},"end":{"line":82,"column":53}},"type":"cond-expr","locations":[{"start":{"line":82,"column":29},"end":{"line":82,"column":42}},{"start":{"line":82,"column":45},"end":{"line":82,"column":53}}],"line":82}},"s":{"0":1,"1":1,"2":16,"3":16,"4":16,"5":16,"6":16,"7":16,"8":3,"9":3,"10":0,"11":3,"12":0,"13":16,"14":3,"15":3,"16":3,"17":3,"18":3,"19":3,"20":2,"21":2,"22":2,"23":2,"24":1,"25":1,"26":3,"27":16},"f":{"0":16,"1":3,"2":3,"3":1},"b":{"0":[0,3],"1":[0,3],"2":[1,0],"3":[16,1],"4":[16,2],"5":[3,13]},"_coverageSchema":"1a1c01bbd47fc00a2c39e90264f33305004495a9","hash":"ffd7af8ff63d09ca5450c3fa499348195f248149"}
,"C:\\Users\\annap\\OneDrive\\Área de Trabalho\\MyPetSync-FrontEnd\\FrontEndWeb\\src\\components\\auth\\Login.jsx": {"path":"C:\\Users\\annap\\OneDrive\\Área de Trabalho\\MyPetSync-FrontEnd\\FrontEndWeb\\src\\components\\auth\\Login.jsx","statementMap":{"0":{"start":{"line":9,"column":19},"end":{"line":9,"column":28}},"1":{"start":{"line":10,"column":24},"end":{"line":10,"column":33}},"2":{"start":{"line":12,"column":14},"end":{"line":122,"column":1}},"3":{"start":{"line":13,"column":34},"end":{"line":13,"column":68}},"4":{"start":{"line":14,"column":28},"end":{"line":14,"column":42}},"5":{"start":{"line":15,"column":36},"end":{"line":15,"column":51}},"6":{"start":{"line":16,"column":19},"end":{"line":16,"column":32}},"7":{"start":{"line":17,"column":27},"end":{"line":17,"column":36}},"8":{"start":{"line":19,"column":28},"end":{"line":23,"column":3}},"9":{"start":{"line":20,"column":28},"end":{"line":20,"column":36}},"10":{"start":{"line":21,"column":4},"end":{"line":21,"column":64}},"11":{"start":{"line":21,"column":31},"end":{"line":21,"column":61}},"12":{"start":{"line":22,"column":4},"end":{"line":22,"column":30}},"13":{"start":{"line":22,"column":15},"end":{"line":22,"column":30}},"14":{"start":{"line":25,"column":23},"end":{"line":39,"column":3}},"15":{"start":{"line":26,"column":4},"end":{"line":26,"column":23}},"16":{"start":{"line":27,"column":4},"end":{"line":27,"column":23}},"17":{"start":{"line":28,"column":4},"end":{"line":28,"column":19}},"18":{"start":{"line":30,"column":4},"end":{"line":38,"column":5}},"19":{"start":{"line":31,"column":6},"end":{"line":31,"column":50}},"20":{"start":{"line":32,"column":6},"end":{"line":32,"column":21}},"21":{"start":{"line":33,"column":6},"end":{"line":33,"column":47}},"22":{"start":{"line":35,"column":6},"end":{"line":35,"column":28}},"23":{"start":{"line":37,"column":6},"end":{"line":37,"column":26}},"24":{"start":{"line":41,"column":2},"end":{"line":121,"column":4}}},"fnMap":{"0":{"name":"(anonymous_0)","decl":{"start":{"line":12,"column":14},"end":{"line":12,"column":15}},"loc":{"start":{"line":12,"column":20},"end":{"line":122,"column":1}},"line":12},"1":{"name":"(anonymous_1)","decl":{"start":{"line":19,"column":28},"end":{"line":19,"column":29}},"loc":{"start":{"line":19,"column":35},"end":{"line":23,"column":3}},"line":19},"2":{"name":"(anonymous_2)","decl":{"start":{"line":21,"column":16},"end":{"line":21,"column":17}},"loc":{"start":{"line":21,"column":31},"end":{"line":21,"column":61}},"line":21},"3":{"name":"(anonymous_3)","decl":{"start":{"line":25,"column":23},"end":{"line":25,"column":24}},"loc":{"start":{"line":25,"column":36},"end":{"line":39,"column":3}},"line":25}},"branchMap":{"0":{"loc":{"start":{"line":22,"column":4},"end":{"line":22,"column":30}},"type":"if","locations":[{"start":{"line":22,"column":4},"end":{"line":22,"column":30}},{"start":{},"end":{}}],"line":22},"1":{"loc":{"start":{"line":93,"column":13},"end":{"line":97,"column":13}},"type":"binary-expr","locations":[{"start":{"line":93,"column":13},"end":{"line":93,"column":18}},{"start":{"line":94,"column":14},"end":{"line":96,"column":18}}],"line":93},"2":{"loc":{"start":{"line":104,"column":15},"end":{"line":104,"column":51}},"type":"cond-expr","locations":[{"start":{"line":104,"column":27},"end":{"line":104,"column":40}},{"start":{"line":104,"column":43},"end":{"line":104,"column":51}}],"line":104}},"s":{"0":1,"1":1,"2":1,"3":17,"4":17,"5":17,"6":17,"7":17,"8":17,"9":6,"10":6,"11":6,"12":6,"13":0,"14":17,"15":3,"16":3,"17":3,"18":3,"19":3,"20":2,"21":2,"22":1,"23":3,"24":17},"f":{"0":17,"1":6,"2":6,"3":3},"b":{"0":[0,6],"1":[17,1],"2":[3,14]},"_coverageSchema":"1a1c01bbd47fc00a2c39e90264f33305004495a9","hash":"0e817d1f81e00cd8ac86c38646c0072e7df206e8"}
,"C:\\Users\\annap\\OneDrive\\Área de Trabalho\\MyPetSync-FrontEnd\\FrontEndWeb\\src\\components\\auth\\ProtectedRoute.jsx": {"path":"C:\\Users\\annap\\OneDrive\\Área de Trabalho\\MyPetSync-FrontEnd\\FrontEndWeb\\src\\components\\auth\\ProtectedRoute.jsx","statementMap":{"0":{"start":{"line":5,"column":23},"end":{"line":18,"column":1}},"1":{"start":{"line":6,"column":36},"end":{"line":6,"column":45}},"2":{"start":{"line":7,"column":19},"end":{"line":7,"column":32}},"3":{"start":{"line":9,"column":2},"end":{"line":11,"column":3}},"4":{"start":{"line":10,"column":4},"end":{"line":10,"column":36}},"5":{"start":{"line":13,"column":2},"end":{"line":15,"column":3}},"6":{"start":{"line":14,"column":4},"end":{"line":14,"column":71}},"7":{"start":{"line":17,"column":2},"end":{"line":17,"column":20}}},"fnMap":{"0":{"name":"(anonymous_0)","decl":{"start":{"line":5,"column":23},"end":{"line":5,"column":24}},"loc":{"start":{"line":5,"column":29},"end":{"line":18,"column":1}},"line":5}},"branchMap":{"0":{"loc":{"start":{"line":9,"column":2},"end":{"line":11,"column":3}},"type":"if","locations":[{"start":{"line":9,"column":2},"end":{"line":11,"column":3}},{"start":{},"end":{}}],"line":9},"1":{"loc":{"start":{"line":13,"column":2},"end":{"line":15,"column":3}},"type":"if","locations":[{"start":{"line":13,"column":2},"end":{"line":15,"column":3}},{"start":{},"end":{}}],"line":13}},"s":{"0":1,"1":3,"2":3,"3":3,"4":1,"5":2,"6":1,"7":1},"f":{"0":3},"b":{"0":[1,2],"1":[1,1]},"_coverageSchema":"1a1c01bbd47fc00a2c39e90264f33305004495a9","hash":"a498afa1aa56e61878b9feed901758a983c7f716"}
,"C:\\Users\\annap\\OneDrive\\Área de Trabalho\\MyPetSync-FrontEnd\\FrontEndWeb\\src\\components\\auth\\RegisterAutonomo.jsx": {"path":"C:\\Users\\annap\\OneDrive\\Área de Trabalho\\MyPetSync-FrontEnd\\FrontEndWeb\\src\\components\\auth\\RegisterAutonomo.jsx","statementMap":{"0":{"start":{"line":9,"column":19},"end":{"line":9,"column":28}},"1":{"start":{"line":10,"column":24},"end":{"line":10,"column":33}},"2":{"start":{"line":11,"column":26},"end":{"line":11,"column":79}},"3":{"start":{"line":12,"column":25},"end":{"line":152,"column":1}},"4":{"start":{"line":13,"column":34},"end":{"line":21,"column":4}},"5":{"start":{"line":22,"column":28},"end":{"line":22,"column":42}},"6":{"start":{"line":23,"column":36},"end":{"line":23,"column":51}},"7":{"start":{"line":24,"column":19},"end":{"line":24,"column":32}},"8":{"start":{"line":25,"column":28},"end":{"line":29,"column":3}},"9":{"start":{"line":26,"column":28},"end":{"line":26,"column":36}},"10":{"start":{"line":27,"column":4},"end":{"line":27,"column":64}},"11":{"start":{"line":27,"column":31},"end":{"line":27,"column":61}},"12":{"start":{"line":28,"column":4},"end":{"line":28,"column":30}},"13":{"start":{"line":28,"column":15},"end":{"line":28,"column":30}},"14":{"start":{"line":30,"column":30},"end":{"line":32,"column":3}},"15":{"start":{"line":31,"column":4},"end":{"line":31,"column":72}},"16":{"start":{"line":31,"column":31},"end":{"line":31,"column":69}},"17":{"start":{"line":33,"column":23},"end":{"line":55,"column":3}},"18":{"start":{"line":34,"column":4},"end":{"line":34,"column":23}},"19":{"start":{"line":35,"column":4},"end":{"line":35,"column":19}},"20":{"start":{"line":36,"column":4},"end":{"line":36,"column":23}},"21":{"start":{"line":37,"column":23},"end":{"line":45,"column":5}},"22":{"start":{"line":46,"column":4},"end":{"line":54,"column":5}},"23":{"start":{"line":47,"column":6},"end":{"line":47,"column":31}},"24":{"start":{"line":48,"column":6},"end":{"line":48,"column":25}},"25":{"start":{"line":50,"column":27},"end":{"line":50,"column":69}},"26":{"start":{"line":51,"column":6},"end":{"line":51,"column":29}},"27":{"start":{"line":53,"column":6},"end":{"line":53,"column":26}},"28":{"start":{"line":57,"column":2},"end":{"line":151,"column":4}}},"fnMap":{"0":{"name":"(anonymous_0)","decl":{"start":{"line":12,"column":25},"end":{"line":12,"column":26}},"loc":{"start":{"line":12,"column":31},"end":{"line":152,"column":1}},"line":12},"1":{"name":"(anonymous_1)","decl":{"start":{"line":25,"column":28},"end":{"line":25,"column":29}},"loc":{"start":{"line":25,"column":35},"end":{"line":29,"column":3}},"line":25},"2":{"name":"(anonymous_2)","decl":{"start":{"line":27,"column":16},"end":{"line":27,"column":17}},"loc":{"start":{"line":27,"column":31},"end":{"line":27,"column":61}},"line":27},"3":{"name":"(anonymous_3)","decl":{"start":{"line":30,"column":30},"end":{"line":30,"column":31}},"loc":{"start":{"line":30,"column":48},"end":{"line":32,"column":3}},"line":30},"4":{"name":"(anonymous_4)","decl":{"start":{"line":31,"column":16},"end":{"line":31,"column":17}},"loc":{"start":{"line":31,"column":31},"end":{"line":31,"column":69}},"line":31},"5":{"name":"(anonymous_5)","decl":{"start":{"line":33,"column":23},"end":{"line":33,"column":24}},"loc":{"start":{"line":33,"column":36},"end":{"line":55,"column":3}},"line":33}},"branchMap":{"0":{"loc":{"start":{"line":28,"column":4},"end":{"line":28,"column":30}},"type":"if","locations":[{"start":{"line":28,"column":4},"end":{"line":28,"column":30}},{"start":{},"end":{}}],"line":28},"1":{"loc":{"start":{"line":50,"column":27},"end":{"line":50,"column":69}},"type":"binary-expr","locations":[{"start":{"line":50,"column":27},"end":{"line":50,"column":54}},{"start":{"line":50,"column":58},"end":{"line":50,"column":69}}],"line":50},"2":{"loc":{"start":{"line":134,"column":13},"end":{"line":138,"column":13}},"type":"binary-expr","locations":[{"start":{"line":134,"column":13},"end":{"line":134,"column":18}},{"start":{"line":135,"column":14},"end":{"line":137,"column":18}}],"line":134},"3":{"loc":{"start":{"line":145,"column":15},"end":{"line":145,"column":61}},"type":"cond-expr","locations":[{"start":{"line":145,"column":27},"end":{"line":145,"column":45}},{"start":{"line":145,"column":48},"end":{"line":145,"column":61}}],"line":145}},"s":{"0":1,"1":1,"2":1,"3":1,"4":22,"5":22,"6":22,"7":22,"8":22,"9":9,"10":9,"11":9,"12":9,"13":0,"14":22,"15":2,"16":2,"17":22,"18":3,"19":3,"20":3,"21":3,"22":3,"23":3,"24":2,"25":1,"26":1,"27":3,"28":22},"f":{"0":22,"1":9,"2":9,"3":2,"4":2,"5":3},"b":{"0":[0,9],"1":[1,0],"2":[22,1],"3":[3,19]},"_coverageSchema":"1a1c01bbd47fc00a2c39e90264f33305004495a9","hash":"cf0cc854720a75bc49b72c696be342a93d4e0c9b"}
,"C:\\Users\\annap\\OneDrive\\Área de Trabalho\\MyPetSync-FrontEnd\\FrontEndWeb\\src\\components\\auth\\RegisterCompany.jsx": {"path":"C:\\Users\\annap\\OneDrive\\Área de Trabalho\\MyPetSync-FrontEnd\\FrontEndWeb\\src\\components\\auth\\RegisterCompany.jsx","statementMap":{"0":{"start":{"line":9,"column":19},"end":{"line":9,"column":28}},"1":{"start":{"line":10,"column":24},"end":{"line":10,"column":33}},"2":{"start":{"line":11,"column":25},"end":{"line":16,"column":1}},"3":{"start":{"line":18,"column":24},"end":{"line":159,"column":1}},"4":{"start":{"line":19,"column":33},"end":{"line":27,"column":3}},"5":{"start":{"line":28,"column":27},"end":{"line":28,"column":41}},"6":{"start":{"line":29,"column":35},"end":{"line":29,"column":50}},"7":{"start":{"line":30,"column":18},"end":{"line":30,"column":31}},"8":{"start":{"line":32,"column":27},"end":{"line":36,"column":2}},"9":{"start":{"line":33,"column":26},"end":{"line":33,"column":34}},"10":{"start":{"line":34,"column":2},"end":{"line":34,"column":62}},"11":{"start":{"line":34,"column":29},"end":{"line":34,"column":59}},"12":{"start":{"line":35,"column":2},"end":{"line":35,"column":28}},"13":{"start":{"line":35,"column":13},"end":{"line":35,"column":28}},"14":{"start":{"line":37,"column":29},"end":{"line":39,"column":2}},"15":{"start":{"line":38,"column":2},"end":{"line":38,"column":70}},"16":{"start":{"line":38,"column":29},"end":{"line":38,"column":67}},"17":{"start":{"line":41,"column":22},"end":{"line":62,"column":2}},"18":{"start":{"line":42,"column":2},"end":{"line":42,"column":21}},"19":{"start":{"line":43,"column":2},"end":{"line":43,"column":21}},"20":{"start":{"line":44,"column":2},"end":{"line":44,"column":17}},"21":{"start":{"line":45,"column":21},"end":{"line":53,"column":3}},"22":{"start":{"line":54,"column":2},"end":{"line":61,"column":3}},"23":{"start":{"line":55,"column":3},"end":{"line":55,"column":28}},"24":{"start":{"line":56,"column":3},"end":{"line":56,"column":22}},"25":{"start":{"line":58,"column":3},"end":{"line":58,"column":25}},"26":{"start":{"line":60,"column":3},"end":{"line":60,"column":23}},"27":{"start":{"line":64,"column":1},"end":{"line":158,"column":3}}},"fnMap":{"0":{"name":"(anonymous_0)","decl":{"start":{"line":18,"column":24},"end":{"line":18,"column":25}},"loc":{"start":{"line":18,"column":30},"end":{"line":159,"column":1}},"line":18},"1":{"name":"(anonymous_1)","decl":{"start":{"line":32,"column":27},"end":{"line":32,"column":28}},"loc":{"start":{"line":32,"column":34},"end":{"line":36,"column":2}},"line":32},"2":{"name":"(anonymous_2)","decl":{"start":{"line":34,"column":14},"end":{"line":34,"column":15}},"loc":{"start":{"line":34,"column":29},"end":{"line":34,"column":59}},"line":34},"3":{"name":"(anonymous_3)","decl":{"start":{"line":37,"column":29},"end":{"line":37,"column":30}},"loc":{"start":{"line":37,"column":47},"end":{"line":39,"column":2}},"line":37},"4":{"name":"(anonymous_4)","decl":{"start":{"line":38,"column":14},"end":{"line":38,"column":15}},"loc":{"start":{"line":38,"column":29},"end":{"line":38,"column":67}},"line":38},"5":{"name":"(anonymous_5)","decl":{"start":{"line":41,"column":22},"end":{"line":41,"column":23}},"loc":{"start":{"line":41,"column":35},"end":{"line":62,"column":2}},"line":41}},"branchMap":{"0":{"loc":{"start":{"line":35,"column":2},"end":{"line":35,"column":28}},"type":"if","locations":[{"start":{"line":35,"column":2},"end":{"line":35,"column":28}},{"start":{},"end":{}}],"line":35},"1":{"loc":{"start":{"line":141,"column":7},"end":{"line":145,"column":7}},"type":"binary-expr","locations":[{"start":{"line":141,"column":7},"end":{"line":141,"column":12}},{"start":{"line":142,"column":7},"end":{"line":144,"column":11}}],"line":141},"2":{"loc":{"start":{"line":152,"column":8},"end":{"line":152,"column":54}},"type":"cond-expr","locations":[{"start":{"line":152,"column":20},"end":{"line":152,"column":38}},{"start":{"line":152,"column":41},"end":{"line":152,"column":54}}],"line":152}},"s":{"0":1,"1":1,"2":1,"3":1,"4":16,"5":16,"6":16,"7":16,"8":16,"9":8,"10":8,"11":8,"12":8,"13":0,"14":16,"15":1,"16":1,"17":16,"18":2,"19":2,"20":2,"21":2,"22":2,"23":2,"24":1,"25":1,"26":2,"27":16},"f":{"0":16,"1":8,"2":8,"3":1,"4":1,"5":2},"b":{"0":[0,8],"1":[
[...]
:44,"column":37}},"loc":{"start":{"line":44,"column":53},"end":{"line":56,"column":1}},"line":44},"3":{"name":"(anonymous_3)","decl":{"start":{"line":58,"column":31},"end":{"line":58,"column":32}},"loc":{"start":{"line":58,"column":54},"end":{"line":70,"column":1}},"line":58},"4":{"name":"(anonymous_4)","decl":{"start":{"line":72,"column":29},"end":{"line":72,"column":30}},"loc":{"start":{"line":72,"column":65},"end":{"line":87,"column":1}},"line":72},"5":{"name":"(anonymous_5)","decl":{"start":{"line":89,"column":31},"end":{"line":89,"column":32}},"loc":{"start":{"line":89,"column":37},"end":{"line":92,"column":1}},"line":89},"6":{"name":"(anonymous_6)","decl":{"start":{"line":94,"column":22},"end":{"line":94,"column":23}},"loc":{"start":{"line":94,"column":28},"end":{"line":97,"column":1}},"line":94}},"branchMap":{"0":{"loc":{"start":{"line":7,"column":4},"end":{"line":9,"column":5}},"type":"if","locations":[{"start":{"line":7,"column":4},"end":{"line":9,"column":5}},{"start":{},"end":{}}],"line":7},"1":{"loc":{"start":{"line":13,"column":4},"end":{"line":18,"column":5}},"type":"if","locations":[{"start":{"line":13,"column":4},"end":{"line":18,"column":5}},{"start":{},"end":{}}],"line":13},"2":{"loc":{"start":{"line":14,"column":6},"end":{"line":16,"column":7}},"type":"if","locations":[{"start":{"line":14,"column":6},"end":{"line":16,"column":7}},{"start":{},"end":{}}],"line":14},"3":{"loc":{"start":{"line":27,"column":4},"end":{"line":29,"column":5}},"type":"if","locations":[{"start":{"line":27,"column":4},"end":{"line":29,"column":5}},{"start":{},"end":{}}],"line":27},"4":{"loc":{"start":{"line":34,"column":4},"end":{"line":39,"column":5}},"type":"if","locations":[{"start":{"line":34,"column":4},"end":{"line":39,"column":5}},{"start":{},"end":{}}],"line":34},"5":{"loc":{"start":{"line":35,"column":6},"end":{"line":37,"column":7}},"type":"if","locations":[{"start":{"line":35,"column":6},"end":{"line":37,"column":7}},{"start":{},"end":{}}],"line":35},"6":{"loc":{"start":{"line":49,"column":4},"end":{"line":51,"column":5}},"type":"if","locations":[{"start":{"line":49,"column":4},"end":{"line":51,"column":5}},{"start":{},"end":{}}],"line":49},"7":{"loc":{"start":{"line":49,"column":8},"end":{"line":49,"column":76}},"type":"binary-expr","locations":[{"start":{"line":49,"column":8},"end":{"line":49,"column":22}},{"start":{"line":49,"column":26},"end":{"line":49,"column":45}},{"start":{"line":49,"column":49},"end":{"line":49,"column":76}}],"line":49},"8":{"loc":{"start":{"line":63,"column":4},"end":{"line":65,"column":5}},"type":"if","locations":[{"start":{"line":63,"column":4},"end":{"line":65,"column":5}},{"start":{},"end":{}}],"line":63},"9":{"loc":{"start":{"line":63,"column":8},"end":{"line":63,"column":76}},"type":"binary-expr","locations":[{"start":{"line":63,"column":8},"end":{"line":63,"column":22}},{"start":{"line":63,"column":26},"end":{"line":63,"column":45}},{"start":{"line":63,"column":49},"end":{"line":63,"column":76}}],"line":63},"10":{"loc":{"start":{"line":80,"column":4},"end":{"line":82,"column":5}},"type":"if","locations":[{"start":{"line":80,"column":4},"end":{"line":82,"column":5}},{"start":{},"end":{}}],"line":80},"11":{"loc":{"start":{"line":80,"column":8},"end":{"line":80,"column":76}},"type":"binary-expr","locations":[{"start":{"line":80,"column":8},"end":{"line":80,"column":22}},{"start":{"line":80,"column":26},"end":{"line":80,"column":45}},{"start":{"line":80,"column":49},"end":{"line":80,"column":76}}],"line":80}},"s":{"0":4,"1":4,"2":4,"3":1,"4":1,"5":1,"6":1,"7":3,"8":3,"9":2,"10":1,"11":1,"12":1,"13":4,"14":3,"15":3,"16":1,"17":1,"18":1,"19":1,"20":2,"21":2,"22":1,"23":0,"24":1,"25":1,"26":4,"27":3,"28":3,"29":1,"30":2,"31":1,"32":1,"33":4,"34":0,"35":0,"36":0,"37":0,"38":0,"39":0,"40":4,"41":3,"42":3,"43":1,"44":2,"45":1,"46":1,"47":4,"48":2,"49":2,"50":4,"51":1,"52":1},"f":{"0":4,"1":3,"2":3,"3":0,"4":3,"5":2,"6":1},"b":{"0":[1,0],"1":[2,1],"2":[1,1],"3":[1,0],"4":[1,1],"5":[0,1],"6":[1,1],"7":[2,1,1],"8":[0,0],"9":[0,0,0],"10":[1,1],"11":[2,1,1]},"_coverageSchema":"1a1c01bbd47fc00a2c39e90264f33305004495a9","hash":"74ae9f9474ae2e0616bebad7168eaed3b4d39d57"}
,"C:\\Users\\annap\\OneDrive\\Área de Trabalho\\MyPetSync-FrontEnd\\FrontEndWeb\\src\\services\\dashboardService.js": {"path":"C:\\Users\\annap\\OneDrive\\Área de Trabalho\\MyPetSync-FrontEnd\\FrontEndWeb\\src\\services\\dashboardService.js","statementMap":{"0":{"start":{"line":3,"column":35},"end":{"line":15,"column":1}},"1":{"start":{"line":4,"column":52},"end":{"line":8,"column":4}},"2":{"start":{"line":10,"column":2},"end":{"line":14,"column":4}},"3":{"start":{"line":17,"column":37},"end":{"line":32,"column":1}},"4":{"start":{"line":18,"column":24},"end":{"line":18,"column":56}},"5":{"start":{"line":20,"column":2},"end":{"line":22,"column":3}},"6":{"start":{"line":21,"column":4},"end":{"line":21,"column":14}},"7":{"start":{"line":24,"column":2},"end":{"line":31,"column":6}},"8":{"start":{"line":24,"column":47},"end":{"line":31,"column":3}}},"fnMap":{"0":{"name":"(anonymous_0)","decl":{"start":{"line":3,"column":35},"end":{"line":3,"column":36}},"loc":{"start":{"line":3,"column":47},"end":{"line":15,"column":1}},"line":3},"1":{"name":"(anonymous_1)","decl":{"start":{"line":17,"column":37},"end":{"line":17,"column":38}},"loc":{"start":{"line":17,"column":49},"end":{"line":32,"column":1}},"line":17},"2":{"name":"(anonymous_2)","decl":{"start":{"line":24,"column":32},"end":{"line":24,"column":33}},"loc":{"start":{"line":24,"column":47},"end":{"line":31,"column":3}},"line":24}},"branchMap":{"0":{"loc":{"start":{"line":20,"column":2},"end":{"line":22,"column":3}},"type":"if","locations":[{"start":{"line":20,"column":2},"end":{"line":22,"column":3}},{"start":{},"end":{}}],"line":20},"1":{"loc":{"start":{"line":27,"column":43},"end":{"line":27,"column":77}},"type":"binary-expr","locations":[{"start":{"line":27,"column":43},"end":{"line":27,"column":64}},{"start":{"line":27,"column":68},"end":{"line":27,"column":77}}],"line":27}},"s":{"0":3,"1":2,"2":1,"3":3,"4":4,"5":3,"6":1,"7":2,"8":3},"f":{"0":2,"1":4,"2":3},"b":{"0":[1,2],"1":[3,1]},"_coverageSchema":"1a1c01bbd47fc00a2c39e90264f33305004495a9","hash":"186cfdb7b59bd64ffb22cedc630f2c2e6b252ceb"}
,"C:\\Users\\annap\\OneDrive\\Área de Trabalho\\MyPetSync-FrontEnd\\FrontEndWeb\\src\\services\\petService.js": {"path":"C:\\Users\\annap\\OneDrive\\Área de Trabalho\\MyPetSync-FrontEnd\\FrontEndWeb\\src\\services\\petService.js","statementMap":{"0":{"start":{"line":3,"column":26},"end":{"line":14,"column":1}},"1":{"start":{"line":4,"column":2},"end":{"line":4,"column":44}},"2":{"start":{"line":4,"column":34},"end":{"line":4,"column":44}},"3":{"start":{"line":5,"column":2},"end":{"line":13,"column":3}},"4":{"start":{"line":6,"column":21},"end":{"line":8,"column":6}},"5":{"start":{"line":9,"column":4},"end":{"line":9,"column":25}},"6":{"start":{"line":11,"column":4},"end":{"line":11,"column":49}},"7":{"start":{"line":12,"column":4},"end":{"line":12,"column":14}}},"fnMap":{"0":{"name":"(anonymous_0)","decl":{"start":{"line":3,"column":26},"end":{"line":3,"column":27}},"loc":{"start":{"line":3,"column":43},"end":{"line":14,"column":1}},"line":3}},"branchMap":{"0":{"loc":{"start":{"line":4,"column":2},"end":{"line":4,"column":44}},"type":"if","locations":[{"start":{"line":4,"column":2},"end":{"line":4,"column":44}},{"start":{},"end":{}}],"line":4},"1":{"loc":{"start":{"line":4,"column":6},"end":{"line":4,"column":32}},"type":"binary-expr","locations":[{"start":{"line":4,"column":6},"end":{"line":4,"column":12}},{"start":{"line":4,"column":16},"end":{"line":4,"column":32}}],"line":4}},"s":{"0":1,"1":4,"2":2,"3":2,"4":2,"5":1,"6":1,"7":1},"f":{"0":4},"b":{"0":[2,2],"1":[4,3]},"_coverageSchema":"1a1c01bbd47fc00a2c39e90264f33305004495a9","hash":"0b0a299f21af3dc7f27d9d776e148ec92ce75311"}
,"C:\\Users\\annap\\OneDrive\\Área de Trabalho\\MyPetSync-FrontEnd\\FrontEndWeb\\src\\services\\profileService.js": {"path":"C:\\Users\\annap\\OneDrive\\Área de Trabalho\\MyPetSync-FrontEnd\\FrontEndWeb\\src\\services\\profileService.js","statementMap":{"0":{"start":{"line":3,"column":36},"end":{"line":11,"column":1}},"1":{"start":{"line":4,"column":2},"end":{"line":10,"column":3}},"2":{"start":{"line":5,"column":21},"end":{"line":5,"column":51}},"3":{"start":{"line":6,"column":4},"end":{"line":6,"column":25}},"4":{"start":{"line":8,"column":4},"end":{"line":8,"column":67}},"5":{"start":{"line":9,"column":4},"end":{"line":9,"column":69}},"6":{"start":{"line":13,"column":37},"end":{"line":21,"column":1}},"7":{"start":{"line":14,"column":2},"end":{"line":20,"column":3}},"8":{"start":{"line":15,"column":21},"end":{"line":15,"column":66}},"9":{"start":{"line":16,"column":4},"end":{"line":16,"column":25}},"10":{"start":{"line":18,"column":4},"end":{"line":18,"column":57}},"11":{"start":{"line":19,"column":4},"end":{"line":19,"column":62}}},"fnMap":{"0":{"name":"(anonymous_0)","decl":{"start":{"line":3,"column":36},"end":{"line":3,"column":37}},"loc":{"start":{"line":3,"column":48},"end":{"line":11,"column":1}},"line":3},"1":{"name":"(anonymous_1)","decl":{"start":{"line":13,"column":37},"end":{"line":13,"column":38}},"loc":{"start":{"line":13,"column":60},"end":{"line":21,"column":1}},"line":13}},"branchMap":{},"s":{"0":1,"1":2,"2":2,"3":1,"4":1,"5":1,"6":1,"7":2,"8":2,"9":1,"10":1,"11":1},"f":{"0":2,"1":2},"b":{},"_coverageSchema":"1a1c01bbd47fc00a2c39e90264f33305004495a9","hash":"883b57cd29240ee36cfc72e5d97f1eaf909913f4"}
,"C:\\Users\\annap\\OneDrive\\Área de Trabalho\\MyPetSync-FrontEnd\\FrontEndWeb\\src\\services\\providerService.js": {"path":"C:\\Users\\annap\\OneDrive\\Área de Trabalho\\MyPetSync-FrontEnd\\FrontEndWeb\\src\\services\\providerService.js","statementMap":{"0":{"start":{"line":3,"column":36},"end":{"line":36,"column":1}},"1":{"start":{"line":4,"column":2},"end":{"line":35,"column":3}},"2":{"start":{"line":5,"column":21},"end":{"line":5,"column":51}},"3":{"start":{"line":7,"column":17},"end":{"line":7,"column":30}},"4":{"start":{"line":8,"column":23},"end":{"line":8,"column":52}},"5":{"start":{"line":10,"column":4},"end":{"line":15,"column":5}},"6":{"start":{"line":11,"column":6},"end":{"line":13,"column":8}},"7":{"start":{"line":14,"column":6},"end":{"line":14,"column":18}},"8":{"start":{"line":17,"column":4},"end":{"line":19,"column":5}},"9":{"start":{"line":18,"column":6},"end":{"line":18,"column":28}},"10":{"start":{"line":21,"column":4},"end":{"line":21,"column":16}},"11":{"start":{"line":23,"column":4},"end":{"line":28,"column":5}},"12":{"start":{"line":24,"column":6},"end":{"line":26,"column":8}},"13":{"start":{"line":27,"column":6},"end":{"line":27,"column":18}},"14":{"start":{"line":30,"column":4},"end":{"line":33,"column":6}},"15":{"start":{"line":34,"column":4},"end":{"line":34,"column":16}},"16":{"start":{"line":38,"column":31},"end":{"line":53,"column":1}},"17":{"start":{"line":39,"column":2},"end":{"line":52,"column":3}},"18":{"start":{"line":40,"column":21},"end":{"line":40,"column":62}},"19":{"start":{"line":41,"column":4},"end":{"line":41,"column":39}},"20":{"start":{"line":43,"column":4},"end":{"line":46,"column":5}},"21":{"start":{"line":44,"column":6},"end":{"line":44,"column":69}},"22":{"start":{"line":45,"column":6},"end":{"line":45,"column":16}},"23":{"start":{"line":47,"column":4},"end":{"line":50,"column":6}},"24":{"start":{"line":51,"column":4},"end":{"line":51,"column":16}},"25":{"start":{"line":55,"column":37},"end":{"line":66,"column":1}},"26":{"start":{"line":56,"column":2},"end":{"line":65,"column":3}},"27":{"start":{"line":57,"column":21},"end":{"line":57,"column":65}},"28":{"start":{"line":58,"column":4},"end":{"line":58,"column":25}},"29":{"start":{"line":60,"column":4},"end":{"line":63,"column":6}},"30":{"start":{"line":64,"column":4},"end":{"line":64,"column":16}}},"fnMap":{"0":{"name":"(anonymous_0)","decl":{"start":{"line":3,"column":36},"end":{"line":3,"column":37}},"loc":{"start":{"line":3,"column":48},"end":{"line":36,"column":1}},"line":3},"1":{"name":"(anonymous_1)","decl":{"start":{"line":38,"column":31},"end":{"line":38,"column":32}},"loc":{"start":{"line":38,"column":53},"end":{"line":53,"column":1}},"line":38},"2":{"name":"(anonymous_2)","decl":{"start":{"line":55,"column":37},"end":{"line":55,"column":38}},"loc":{"start":{"line":55,"column":59},"end":{"line":66,"column":1}},"line":55}},"branchMap":{"0":{"loc":{"start":{"line":8,"column":23},"end":{"line":8,"column":52}},"type":"binary-expr","locations":[{"start":{"line":8,"column":23},"end":{"line":8,"column":32}},{"start":{"line":8,"column":36},"end":{"line":8,"column":52}}],"line":8},"1":{"loc":{"start":{"line":10,"column":4},"end":{"line":15,"column":5}},"type":"if","locations":[{"start":{"line":10,"column":4},"end":{"line":15,"column":5}},{"start":{},"end":{}}],"line":10},"2":{"loc":{"start":{"line":10,"column":8},"end":{"line":10,"column":61}},"type":"binary-expr","locations":[{"start":{"line":10,"column":8},"end":{"line":10,"column":13}},{"start":{"line":10,"column":17},"end":{"line":10,"column":28}},{"start":{"line":10,"column":32},"end":{"line":10,"column":61}}],"line":10},"3":{"loc":{"start":{"line":17,"column":4},"end":{"line":19,"column":5}},"type":"if","locations":[{"start":{"line":17,"column":4},"end":{"line":19,"column":5}},{"start":{},"end":{}}],"line":17},"4":{"loc":{"start":{"line":23,"column":4},"end":{"line":28,"column":5}},"type":"if","locations":[{"start":{"line":23,"column":4},"end":{"line":28,"column":5}},{"start":{},"end":{}}],"line":23},"5":{"loc":{"start":{"line":23,"column":8},"end":{"line":23,"column":55}},"type":"binary-expr","locations":[{"start":{"line":23,"column":8},"end":{"line":23,"column":22}},{"start":{"line":23,"column":26},"end":{"line":23,"column":55}}],"line":23},"6":{"loc":{"start":{"line":32,"column":6},"end":{"line":32,"column":43}},"type":"binary-expr","locations":[{"start":{"line":32,"column":6},"end":{"line":32,"column":26}},{"start":{"line":32,"column":30},"end":{"line":32,"column":43}}],"line":32},"7":{"loc":{"start":{"line":41,"column":11},"end":{"line":41,"column":38}},"type":"binary-expr","locations":[{"start":{"line":41,"column":11},"end":{"line":41,"column":32}},{"start":{"line":41,"column":36},"end":{"line":41,"column":38}}],"line":41},"8":{"loc":{"start":{"line":43,"column":4},"end":{"line":46,"column":5}},"type":"if","locations":[{"start":{"line":43,"column":4},"end":{"line":46,"column":5}},{"start":{},"end":{}}],"line":43},"9":{"loc":{"start":{"line":49,"column":6},"end":{"line":49,"column":43}},"type":"binary-expr","locations":[{"start":{"line":49,"column":6},"end":{"line":49,"column":26}},{"start":{"line":49,"column":30},"end":{"line":49,"column":43}}],"line":49},"10":{"loc":{"start":{"line":62,"column":6},"end":{"line":62,"column":43}},"type":"binary-expr","locations":[{"start":{"line":62,"column":6},"end":{"line":62,"column":26}},{"start":{"line":62,"column":30},"end":{"line":62,"column":43}}],"line":62}},"s":{"0":4,"1":4,"2":4,"3":2,"4":2,"5":2,"6":1,"7":1,"8":1,"9":0,"10":1,"11":2,"12":1,"13":1,"14":1,"15":1,"16":4,"17":0,"18":0,"19":0,"20":0,"21":0,"22":0,"23":0,"24":0,"25":4,"26":2,"27":2,"28":1,"29":1,"30":1},"f":{"0":4,"1":0,"2":2},"b":{"0":[2,1],"1":[1,1],"2":[2,2,1],"3":[0,1],"4":[1,1],"5":[2,1],"6":[1,1],"7":[0,0],"8":[0,0],"9":[0,0],"10":[1,1]},"_coverageSchema":"1a1c01bbd47fc00a2c39e90264f33305004495a9","hash":"c936ae3faf765da8b2cc35e9aaac27b85aee7369"}
,"C:\\Users\\annap\\OneDrive\\Área de Trabalho\\MyPetSync-FrontEnd\\FrontEndWeb\\src\\services\\userService.js": {"path":"C:\\Users\\annap\\OneDrive\\Área de Trabalho\\MyPetSync-FrontEnd\\FrontEndWeb\\src\\services\\userService.js","statementMap":{"0":{"start":{"line":3,"column":32},"end":{"line":11,"column":1}},"1":{"start":{"line":4,"column":2},"end":{"line":10,"column":3}},"2":{"start":{"line":5,"column":21},"end":{"line":5,"column":47}},"3":{"start":{"line":6,"column":4},"end":{"line":6,"column":25}},"4":{"start":{"line":8,"column":4},"end":{"line":8,"column":60}},"5":{"start":{"line":9,"column":4},"end":{"line":9,"column":70}},"6":{"start":{"line":13,"column":33},"end":{"line":21,"column":1}},"7":{"start":{"line":14,"column":2},"end":{"line":20,"column":3}},"8":{"start":{"line":15,"column":21},"end":{"line":15,"column":59}},"9":{"start":{"line":16,"column":4},"end":{"line":16,"column":25}},"10":{"start":{"line":18,"column":4},"end":{"line":18,"column":58}},"11":{"start":{"line":19,"column":4},"end":{"line":19,"column":16}}},"fnMap":{"0":{"name":"(anonymous_0)","decl":{"start":{"line":3,"column":32},"end":{"line":3,"column":33}},"loc":{"start":{"line":3,"column":44},"end":{"line":11,"column":1}},"line":3},"1":{"name":"(anonymous_1)","decl":{"start":{"line":13,"column":33},"end":{"line":13,"column":34}},"loc":{"start":{"line":13,"column":53},"end":{"line":21,"column":1}},"line":13}},"branchMap":{},"s":{"0":4,"1":2,"2":2,"3":1,"4":1,"5":1,"6":4,"7":2,"8":2,"9":1,"10":1,"11":1},"f":{"0":2,"1":2},"b":{},"_coverageSchema":"1a1c01bbd47fc00a2c39e90264f33305004495a9","hash":"657532321c968b95fc54dad54cee09eb10100dec"}
,"C:\\Users\\annap\\OneDrive\\Área de Trabalho\\MyPetSync-FrontEnd\\FrontEndWeb\\src\\utils\\Api.jsx": {"path":"C:\\Users\\annap\\OneDrive\\Área de Trabalho\\MyPetSync-FrontEnd\\FrontEndWeb\\src\\utils\\Api.jsx","statementMap":{"0":{"start":{"line":3,"column":16},"end":{"line":3,"column":40}},"1":{"start":{"line":5,"column":12},"end":{"line":13,"column":2}},"2":{"start":{"line":15,"column":0},"end":{"line":28,"column":2}},"3":{"start":{"line":17,"column":18},"end":{"line":17,"column":56}},"4":{"start":{"line":18,"column":4},"end":{"line":22,"column":5}},"5":{"start":{"line":19,"column":6},"end":{"line":19,"column":55}},"6":{"start":{"line":21,"column":6},"end":{"line":21,"column":42}},"7":{"start":{"line":23,"column":4},"end":{"line":23,"column":18}},"8":{"start":{"line":26,"column":4},"end":{"line":26,"column":33}},"9":{"start":{"line":30,"column":0},"end":{"line":41,"column":2}},"10":{"start":{"line":31,"column":16},"end":{"line":31,"column":24}},"11":{"start":{"line":33,"column":4},"end":{"line":38,"column":5}},"12":{"start":{"line":34,"column":6},"end":{"line":36,"column":8}},"13":{"start":{"line":37,"column":6},"end":{"line":37,"column":48}},"14":{"start":{"line":39,"column":4},"end":{"line":39,"column":33}}},"fnMap":{"0":{"name":"(anonymous_0)","decl":{"start":{"line":16,"column":2},"end":{"line":16,"column":3}},"loc":{"start":{"line":16,"column":14},"end":{"line":24,"column":3}},"line":16},"1":{"name":"(anonymous_1)","decl":{"start":{"line":25,"column":2},"end":{"line":25,"column":3}},"loc":{"start":{"line":25,"column":13},"end":{"line":27,"column":3}},"line":25},"2":{"name":"(anonymous_2)","decl":{"start":{"line":31,"column":2},"end":{"line":31,"column":3}},"loc":{"start":{"line":31,"column":16},"end":{"line":31,"column":24}},"line":31},"3":{"name":"(anonymous_3)","decl":{"start":{"line":32,"column":2},"end":{"line":32,"column":3}},"loc":{"start":{"line":32,"column":13},"end":{"line":40,"column":3}},"line":32}},"branchMap":{"0":{"loc":{"start":{"line":18,"column":4},"end":{"line":22,"column":5}},"type":"if","locations":[{"start":{"line":18,"column":4},"end":{"line":22,"column":5}},{"start":{"line":20,"column":11},"end":{"line":22,"column":5}}],"line":18},"1":{"loc":{"start":{"line":33,"column":4},"end":{"line":38,"column":5}},"type":"if","locations":[{"start":{"line":33,"column":4},"end":{"line":38,"column":5}},{"start":{},"end":{}}],"line":33},"2":{"loc":{"start":{"line":33,"column":8},"end":{"line":33,"column":72}},"type":"binary-expr","locations":[{"start":{"line":33,"column":8},"end":{"line":33,"column":38}},{"start":{"line":33,"column":42},"end":{"line":33,"column":72}}],"line":33}},"s":{"0":18,"1":18,"2":18,"3":0,"4":0,"5":0,"6":0,"7":0,"8":0,"9":18,"10":0,"11":0,"12":0,"13":0,"14":0},"f":{"0":0,"1":0,"2":0,"3":0},"b":{"0":[0,0],"1":[0,0],"2":[0,0]},"_coverageSchema":"1a1c01bbd47fc00a2c39e90264f33305004495a9","hash":"6d0e41da861a0493fc0af22552ad80da4ec47597"}
}
