TN:
SF:src\components\agenda\AgendaCalendar.jsx
FN:23,(anonymous_0)
FN:27,(anonymous_1)
FN:36,(anonymous_2)
FN:54,(anonymous_3)
FN:57,(anonymous_4)
FN:59,(anonymous_5)
FN:66,(anonymous_6)
FN:72,(anonymous_7)
FN:80,(anonymous_8)
FN:85,(anonymous_9)
FN:90,(anonymous_10)
FN:95,(anonymous_11)
FN:132,(anonymous_12)
FN:153,(anonymous_13)
FN:162,(anonymous_14)
FNF:15
FNH:13
FNDA:11,(anonymous_0)
FNDA:11,(anonymous_1)
FNDA:14,(anonymous_2)
FNDA:11,(anonymous_3)
FNDA:2,(anonymous_4)
FNDA:11,(anonymous_5)
FNDA:11,(anonymous_6)
FNDA:11,(anonymous_7)
FNDA:2,(anonymous_8)
FNDA:1,(anonymous_9)
FNDA:1,(anonymous_10)
FNDA:0,(anonymous_11)
FNDA:77,(anonymous_12)
FNDA:0,(anonymous_13)
FNDA:2,(anonymous_14)
DA:13,1
DA:23,1
DA:24,11
DA:27,1
DA:28,11
DA:29,11
DA:30,11
DA:32,11
DA:33,77
DA:34,77
DA:36,77
DA:37,14
DA:38,14
DA:39,14
DA:42,77
DA:51,11
DA:54,1
DA:59,11
DA:60,11
DA:63,11
DA:65,11
DA:66,11
DA:70,11
DA:72,11
DA:73,11
DA:77,11
DA:80,11
DA:81,2
DA:82,2
DA:85,11
DA:86,1
DA:87,1
DA:90,11
DA:91,1
DA:94,11
DA:95,0
DA:99,11
DA:133,77
DA:134,77
DA:136,77
DA:137,77
DA:138,9
DA:141,77
DA:142,11
DA:144,11
DA:145,7
DA:150,77
DA:153,0
DA:163,2
DA:164,2
DA:165,2
DA:166,2
DA:169,2
DA:170,2
LF:54
LH:52
BRDA:24,0,0,11
BRDA:24,0,1,0
BRDA:27,1,0,0
BRDA:29,2,0,11
BRDA:29,2,1,0
BRDA:37,3,0,0
BRDA:37,3,1,14
BRDA:39,4,0,14
BRDA:39,4,1,14
BRDA:55,5,0,0
BRDA:57,6,0,7
BRDA:70,7,0,11
BRDA:70,7,1,0
BRDA:137,8,0,9
BRDA:137,8,1,68
BRDA:141,9,0,11
BRDA:141,9,1,66
BRDA:144,10,0,7
BRDA:144,10,1,4
BRDA:166,11,0,2
BRDA:166,11,1,0
BRDA:169,12,0,2
BRDA:169,12,1,0
BRDA:169,12,2,0
BRF:24
BRH:15
end_of_record
TN:
SF:src\components\agenda\AppointmentFormHelpers.jsx
FN:3,(anonymous_0)
FN:18,(anonymous_1)
FN:49,(anonymous_2)
FN:62,(anonymous_3)
FN:85,(anonymous_4)
FNF:5
FNH:5
FNDA:5,(anonymous_0)
FNDA:5,(anonymous_1)
FNDA:1,(anonymous_2)
FNDA:3,(anonymous_3)
FNDA:16,(anonymous_4)
DA:3,1
DA:10,5
DA:18,1
DA:28,5
DA:49,1
DA:50,1
DA:62,1
DA:71,3
DA:86,16
LF:9
LH:9
BRDA:8,0,0,0
BRDA:22,1,0,2
BRDA:31,2,0,5
BRDA:31,2,1,4
BRDA:41,3,0,4
BRDA:41,3,1,1
BRDA:65,4,0,0
BRDA:79,5,0,0
BRDA:79,5,1,3
BRF:9
BRH:6
end_of_record
TN:
SF:src\components\agenda\DailySchedule.jsx
FN:5,(anonymous_0)
FN:17,(anonymous_1)
FN:20,(anonymous_2)
FN:21,(anonymous_3)
FN:30,(anonymous_4)
FN:51,(anonymous_5)
FN:63,(anonymous_6)
FN:77,(anonymous_7)
FN:101,(anonymous_8)
FN:112,(anonymous_9)
FNF:10
FNH:7
FNDA:11,(anonymous_0)
FNDA:6,(anonymous_1)
FNDA:0,(anonymous_2)
FNDA:0,(anonymous_3)
FNDA:10,(anonymous_4)
FNDA:66,(anonymous_5)
FNDA:66,(anonymous_6)
FNDA:10,(anonymous_7)
FNDA:0,(anonymous_8)
FNDA:1,(anonymous_9)
DA:5,1
DA:6,11
DA:7,11
DA:10,1
DA:17,1
DA:23,6
DA:24,6
DA:26,6
DA:30,6
DA:31,10
DA:32,10
DA:33,10
DA:34,10
DA:37,10
DA:46,10
DA:47,10
DA:48,10
DA:51,66
DA:53,6
DA:64,66
DA:66,66
DA:78,10
DA:83,10
DA:101,0
DA:112,1
LF:25
LH:24
BRDA:7,0,0,2
BRDA:7,0,1,9
BRDA:18,1,0,0
BRDA:20,2,0,0
BRDA:21,3,0,6
BRDA:23,4,0,6
BRDA:23,4,1,0
BRDA:24,5,0,0
BRDA:24,5,1,6
BRDA:32,6,0,10
BRDA:32,6,1,0
BRDA:34,7,0,10
BRDA:34,7,1,0
BRDA:41,8,0,10
BRDA:41,8,1,10
BRDA:41,8,2,0
BRDA:42,9,0,10
BRDA:42,9,1,0
BRDA:42,9,2,0
BRDA:43,10,0,10
BRDA:43,10,1,0
BRDA:46,11,0,10
BRDA:46,11,1,0
BRDA:51,12,0,66
BRDA:51,12,1,56
BRDA:76,13,0,10
BRDA:76,13,1,56
BRDA:78,14,0,10
BRDA:78,14,1,0
BRF:29
BRH:17
end_of_record
TN:
SF:src\components\agenda\DailySummary.jsx
FN:5,(anonymous_0)
FN:6,(anonymous_1)
FN:10,(anonymous_2)
FN:14,(anonymous_3)
FN:18,(anonymous_4)
FNF:5
FNH:5
FNDA:6,(anonymous_0)
FNDA:6,(anonymous_1)
FNDA:6,(anonymous_2)
FNDA:6,(anonymous_3)
FNDA:6,(anonymous_4)
DA:5,1
DA:6,6
DA:7,6
DA:9,6
DA:10,6
DA:13,6
DA:14,6
DA:17,6
DA:18,6
DA:21,6
DA:24,6
LF:11
LH:11
BRDA:5,0,0,3
BRDA:18,1,0,6
BRDA:18,1,1,6
BRF:3
BRH:3
end_of_record
TN:
SF:src\components\agenda\NewAppointmentModal.jsx
FN:18,(anonymous_0)
FN:51,(anonymous_1)
FN:77,(anonymous_2)
FN:114,(anonymous_3)
FN:118,(anonymous_4)
FNF:5
FNH:2
FNDA:1,(anonymous_0)
FNDA:1,(anonymous_1)
FNDA:0,(anonymous_2)
FNDA:0,(anonymous_3)
FNDA:0,(anonymous_4)
DA:18,1
DA:39,1
DA:41,1
DA:43,1
DA:51,1
DA:77,0
DA:115,0
DA:118,0
LF:8
LH:5
BRDA:41,0,0,0
BRDA:41,0,1,1
BRDA:55,1,0,0
BRDA:55,1,1,1
BRDA:67,2,0,1
BRDA:67,2,1,0
BRDA:72,3,0,1
BRDA:72,3,1,0
BRDA:102,4,0,1
BRDA:102,4,1,1
BRDA:102,4,2,0
BRDA:104,5,0,0
BRDA:104,5,1,0
BRDA:107,6,0,0
BRDA:107,6,1,0
BRDA:107,6,2,0
BRDA:107,6,3,0
BRDA:125,7,0,1
BRDA:125,7,1,0
BRDA:147,8,0,0
BRDA:147,8,1,1
BRDA:178,9,0,0
BRDA:178,9,1,1
BRDA:180,10,0,1
BRDA:180,10,1,0
BRDA:187,11,0,0
BRDA:187,11,1,1
BRDA:189,12,0,0
BRDA:189,12,1,1
BRDA:197,13,0,1
BRDA:197,13,1,1
BRDA:272,14,0,1
BRDA:272,14,1,0
BRDA:279,15,0,0
BRDA:279,15,1,0
BRDA:295,16,0,1
BRDA:295,16,1,1
BRDA:304,17,0,0
BRDA:304,17,1,1
BRF:39
BRH:18
end_of_record
TN:
SF:src\components\agenda\StatusRadios.jsx
FN:3,(anonymous_0)
FN:9,(anonymous_1)
FN:19,(anonymous_2)
FNF:3
FNH:2
FNDA:1,(anonymous_0)
FNDA:3,(anonymous_1)
FNDA:0,(anonymous_2)
DA:3,1
DA:4,1
DA:10,3
DA:19,0
LF:4
LH:3
BRF:0
BRH:0
end_of_record
TN:
SF:src\components\agenda\TimeSlotButton.jsx
FN:1,(anonymous_0)
FN:8,(anonymous_1)
FNF:2
FNH:2
FNDA:3,(anonymous_0)
FNDA:1,(anonymous_1)
DA:1,1
DA:2,3
DA:8,1
LF:3
LH:3
BRF:0
BRH:0
end_of_record
TN:
SF:src\components\agenda\appointmentConstants.jsx
FNF:0
FNH:0
DA:1,2
DA:11,2
DA:17,2
DA:19,2
LF:4
LH:4
BRF:0
BRH:0
end_of_record
TN:
SF:src\components\agenda\useAppointmentForm.jsx
FN:20,(anonymous_0)
FN:41,(anonymous_1)
FN:61,(anonymous_2)
FN:87,(anonymous_3)
FN:96,(anonymous_4)
FN:97,(anonymous_5)
FN:113,(anonymous_6)
FN:116,(anonymous_7)
FN:128,(anonymous_8)
FN:156,(anonymous_9)
FN:163,(anonymous_10)
FN:168,(anonymous_11)
FN:170,(anonymous_12)
FN:174,(anonymous_13)
FN:176,(anonymous_14)
FN:184,(anonymous_15)
FN:185,(anonymous_16)
FN:188,(anonymous_17)
FN:241,(anonymous_18)
FNF:19
FNH:13
FNDA:21,(anonymous_0)
FNDA:0,(anonymous_1)
FNDA:18,(anonymous_2)
FNDA:3,(anonymous_3)
FNDA:5,(anonymous_4)
FNDA:0,(anonymous_5)
FNDA:5,(anonymous_6)
FNDA:3,(anonymous_7)
FNDA:3,(anonymous_8)
FNDA:7,(anonymous_9)
FNDA:0,(anonymous_10)
FNDA:2,(anonymous_11)
FNDA:2,(anonymous_12)
FNDA:1,(anonymous_13)
FNDA:1,(anonymous_14)
FNDA:0,(anonymous_15)
FNDA:0,(anonymous_16)
FNDA:2,(anonymous_17)
FNDA:0,(anonymous_18)
DA:20,1
DA:21,21
DA:22,0
DA:23,0
DA:24,0
DA:26,0
DA:41,0
DA:47,21
DA:61,1
DA:71,18
DA:72,18
DA:74,18
DA:75,18
DA:76,18
DA:77,18
DA:78,18
DA:79,18
DA:80,18
DA:83,18
DA:84,18
DA:85,18
DA:87,18
DA:88,3
DA:91,3
DA:92,3
DA:93,3
DA:96,18
DA:97,5
DA:98,0
DA:99,0
DA:100,0
DA:101,0
DA:102,0
DA:104,0
DA:105,0
DA:107,0
DA:110,0
DA:113,5
DA:116,18
DA:117,3
DA:121,3
DA:122,0
DA:123,0
DA:124,0
DA:125,0
DA:128,3
DA:129,3
DA:130,3
DA:131,3
DA:132,3
DA:133,0
DA:135,3
DA:136,3
DA:138,3
DA:139,3
DA:140,0
DA:144,0
DA:145,0
DA:147,3
DA:151,3
DA:152,3
DA:156,18
DA:157,7
DA:158,7
DA:160,7
DA:161,7
DA:162,0
DA:163,0
DA:168,18
DA:169,2
DA:170,2
DA:171,2
DA:174,18
DA:175,1
DA:176,1
DA:181,1
DA:184,18
DA:185,0
DA:188,18
DA:189,2
DA:190,2
DA:191,2
DA:193,2
DA:194,1
DA:195,1
DA:196,1
DA:200,1
DA:201,1
DA:202,0
DA:203,0
DA:204,0
DA:207,1
DA:208,0
DA:209,0
DA:210,0
DA:213,1
DA:224,1
DA:225,1
DA:226,0
DA:228,1
DA:229,1
DA:231,1
DA:232,1
DA:234,0
DA:235,0
DA:237,1
DA:241,18
DA:242,0
DA:244,0
DA:249,0
DA:252,0
DA:253,0
DA:254,0
DA:255,0
DA:256,0
DA:257,0
DA:259,0
DA:260,0
DA:262,0
DA:266,18
DA:267,18
DA:269,18
DA:271,18
DA:274,18
DA:279,18
DA:281,18
LF:126
LH:80
BRDA:21,0,0,0
BRDA:21,0,1,21
BRDA:21,1,0,21
BRDA:21,1,1,0
BRDA:24,2,0,0
BRDA:24,2,1,0
BRDA:27,3,0,0
BRDA:27,3,1,0
BRDA:37,4,0,0
BRDA:37,4,1,0
BRDA:38,5,0,0
BRDA:38,5,1,0
BRDA:40,6,0,0
BRDA:40,6,1,0
BRDA:43,7,0,0
BRDA:43,7,1,0
BRDA:53,8,0,21
BRDA:53,8,1,0
BRDA:54,9,0,21
BRDA:54,9,1,0
BRDA:91,10,0,0
BRDA:91,10,1,3
BRDA:98,11,0,0
BRDA:98,11,1,0
BRDA:98,12,0,0
BRDA:98,12,1,0
BRDA:117,13,0,0
BRDA:117,13,1,3
BRDA:121,14,0,0
BRDA:121,14,1,3
BRDA:122,15,0,0
BRDA:122,15,1,0
BRDA:122,16,0,0
BRDA:122,16,1,0
BRDA:123,17,0,0
BRDA:123,17,1,0
BRDA:123,18,0,0
BRDA:123,18,1,0
BRDA:123,18,2,0
BRDA:132,19,0,0
BRDA:132,19,1,3
BRDA:136,20,0,3
BRDA:136,20,1,0
BRDA:138,21,0,3
BRDA:138,21,1,0
BRDA:139,22,0,0
BRDA:139,22,1,3
BRDA:151,23,0,3
BRDA:151,23,1,0
BRDA:151,24,0,3
BRDA:151,24,1,3
BRDA:157,25,0,7
BRDA:157,25,1,3
BRDA:161,26,0,0
BRDA:161,26,1,7
BRDA:161,27,0,7
BRDA:161,27,1,1
BRDA:162,28,0,0
BRDA:162,28,1,0
BRDA:171,29,0,1
BRDA:171,29,1,1
BRDA:179,30,0,1
BRDA:179,30,1,0
BRDA:193,31,0,1
BRDA:193,31,1,1
BRDA:200,32,0,1
BRDA:200,32,1,1
BRDA:200,32,2,1
BRDA:201,33,0,0
BRDA:201,33,1,1
BRDA:201,34,0,1
BRDA:201,34,1,1
BRDA:207,35,0,0
BRDA:207,35,1,1
BRDA:219,36,0,1
BRDA:219,36,1,0
BRDA:225,37,0,0
BRDA:225,37,1,1
BRDA:242,38,0,0
BRDA:242,38,1,0
BRDA:244,39,0,0
BRDA:244,39,1,0
BRDA:266,40,0,18
BRDA:266,40,1,18
BRDA:267,41,0,18
BRDA:267,41,1,18
BRDA:269,42,0,18
BRDA:269,42,1,18
BRDA:269,42,2,0
BRDA:271,43,0,18
BRDA:271,43,1,15
BRDA:271,43,2,3
BRDA:274,44,0,18
BRDA:274,44,1,18
BRDA:274,44,2,18
BRDA:274,44,3,18
BRDA:274,44,4,18
BRDA:274,44,5,12
BRDA:279,45,0,18
BRDA:279,45,1,18
BRF:100
BRH:50
end_of_record
TN:
SF:src\components\auth\AuthSidebar.jsx
FN:5,(anonymous_0)
FNF:1
FNH:1
FNDA:23,(anonymous_0)
DA:3,2
DA:5,2
DA:9,23
LF:3
LH:3
BRDA:7,0,0,5
BRF:1
BRH:1
end_of_record
TN:
SF:src\components\auth\ForgotPassword.jsx
FN:10,(anonymous_0)
FN:16,(anonymous_1)
FN:21,(anonymous_2)
FN:33,(anonymous_3)
FNF:4
FNH:4
FNDA:16,(anonymous_0)
FNDA:3,(anonymous_1)
FNDA:3,(anonymous_2)
FNDA:1,(anonymous_3)
DA:9,1
DA:10,1
DA:11,16
DA:12,16
DA:13,16
DA:14,16
DA:15,16
DA:16,16
DA:17,3
DA:18,3
DA:19,3
DA:21,16
DA:22,3
DA:23,3
DA:24,3
DA:25,3
DA:26,3
DA:27,3
DA:28,2
DA:31,2
DA:32,2
DA:33,2
DA:34,1
DA:37,1
DA:42,3
DA:46,16
LF:26
LH:26
BRDA:18,0,0,0
BRDA:18,0,1,3
BRDA:19,1,0,0
BRDA:19,1,1,3
BRDA:38,2,0,1
BRDA:38,2,1,0
BRDA:68,3,0,16
BRDA:68,3,1,1
BRDA:71,4,0,16
BRDA:71,4,1,2
BRDA:82,5,0,3
BRDA:82,5,1,13
BRF:12
BRH:9
end_of_record
TN:
SF:src\components\auth\Login.jsx
FN:12,(anonymous_0)
FN:19,(anonymous_1)
FN:21,(anonymous_2)
FN:25,(anonymous_3)
FNF:4
FNH:4
FNDA:17,(anonymous_0)
FNDA:6,(anonymous_1)
FNDA:6,(anonymous_2)
FNDA:3,(anonymous_3)
DA:9,1
DA:10,1
DA:12,1
DA:13,17
DA:14,17
DA:15,17
DA:16,17
DA:17,17
DA:19,17
DA:20,6
DA:21,6
DA:22,6
DA:25,17
DA:26,3
DA:27,3
DA:28,3
DA:30,3
DA:31,3
DA:32,2
DA:33,2
DA:35,1
DA:37,3
DA:41,17
LF:23
LH:23
BRDA:22,0,0,0
BRDA:22,0,1,6
BRDA:93,1,0,17
BRDA:93,1,1,1
BRDA:104,2,0,3
BRDA:104,2,1,14
BRF:6
BRH:5
end_of_record
TN:
SF:src\components\auth\ProtectedRoute.jsx
FN:5,(anonymous_0)
FNF:1
FNH:1
FNDA:3,(anonymous_0)
DA:5,1
DA:6,3
DA:7,3
DA:9,3
DA:10,1
DA:13,2
DA:14,1
DA:17,1
LF:8
LH:8
BRDA:9,0,0,1
BRDA:9,0,1,2
BRDA:13,1,0,1
BRDA:13,1,1,1
BRF:4
BRH:4
end_of_record
TN:
SF:src\components\auth\RegisterAutonomo.jsx
FN:12,(anonymous_0)
FN:25,(anonymous_1)
FN:27,(anonymous_2)
FN:30,(anonymous_3)
FN:31,(anonymous_4)
FN:33,(anonymous_5)
FNF:6
FNH:6
FNDA:22,(anonymous_0)
FNDA:9,(anonymous_1)
FNDA:9,(anonymous_2)
FNDA:2,(anonymous_3)
FNDA:2,(anonymous_4)
FNDA:3,(anonymous_5)
DA:9,1
DA:10,1
DA:11,1
DA:12,1
DA:13,22
DA:22,22
DA:23,22
DA:24,22
DA:25,22
DA:26,9
DA:27,9
DA:28,9
DA:30,22
DA:31,2
DA:33,22
DA:34,3
DA:35,3
DA:36,3
DA:37,3
DA:46,3
DA:47,3
DA:48,2
DA:50,1
DA:51,1
DA:53,3
DA:57,22
LF:26
LH:26
BRDA:28,0,0,0
BRDA:28,0,1,9
BRDA:50,1,0,1
BRDA:50,1,1,0
BRDA:134,2,0,22
BRDA:134,2,1,1
BRDA:145,3,0,3
BRDA:145,3,1,19
BRF:8
BRH:6
end_of_record
TN:
SF:src\components\auth\RegisterCompany.jsx
FN:18,(anonymous_0)
FN:32,(anonymous_1)
FN:34,(anonymous_2)
FN:37,(anonymous_3)
FN:38,(anonymous_4)
FN:41,(anonymous_5)
FNF:6
FNH:6
FNDA:16,(anonymous_0)
FNDA:8,(anonymous_1)
FNDA:8,(anonymous_2)
FNDA:1,(anonymous_3)
FNDA:1,(anonymous_4)
FNDA:2,(anonymous_5)
DA:9,1
DA:10,1
DA:11,1
DA:18,1
DA:19,16
DA:28,16
DA:29,16
DA:30,16
DA:32,16
DA:33,8
DA:34,8
DA:35,8
DA:37,16
DA:38,1
DA:41,16
DA:42,2
DA:43,2
DA:44,2
DA:45,2
DA:54,2
DA:55,2
DA:56,1
DA:58,1
DA:60,2
DA:64,16
LF:25
LH:25
BRDA:35,0,0,0
BRDA:35,0,1,8
BRDA:141,1,0,16
BRDA:141,1,1,1
BRDA:152,2,0,2
BRDA:152,2,1,14
BRF:6
BRH:5
end_of_record
TN:
SF:src\components\auth\ResetPassword.jsx
FN:10,(anonymous_0)
FN:22,(anonymous_1)
FN:33,(anonymous_2)
FN:62,(anonymous_3)
FNF:4
FNH:4
FNDA:23,(anonymous_0)
FNDA:10,(anonymous_1)
FNDA:5,(anonymous_2)
FNDA:1,(anonymous_3)
DA:9,1
DA:10,1
DA:11,23
DA:12,23
DA:13,23
DA:14,23
DA:15,23
DA:16,23
DA:17,23
DA:19,23
DA:20,23
DA:22,23
DA:23,10
DA:24,10
DA:25,5
DA:26,5
DA:27,5
DA:29,10
DA:30,10
DA:33,23
DA:34,5
DA:35,5
DA:36,5
DA:38,5
DA:39,1
DA:40,1
DA:42,4
DA:43,1
DA:44,1
DA:46,3
DA:47,1
DA:48,1
DA:51,2
DA:53,2
DA:54,2
DA:56,1
DA:59,1
DA:60,1
DA:62,1
DA:63,1
DA:66,1
DA:71,2
DA:75,23
LF:43
LH:43
BRDA:24,0,0,5
BRDA:24,0,1,5
BRDA:26,1,0,5
BRDA:26,1,1,0
BRDA:29,2,0,0
BRDA:29,2,1,10
BRDA:30,3,0,0
BRDA:30,3,1,10
BRDA:38,4,0,1
BRDA:38,4,1,4
BRDA:42,5,0,1
BRDA:42,5,1,3
BRDA:46,6,0,1
BRDA:46,6,1,2
BRDA:46,7,0,3
BRDA:46,7,1,2
BRDA:67,8,0,1
BRDA:67,8,1,0
BRDA:116,9,0,23
BRDA:116,9,1,4
BRDA:121,10,0,23
BRDA:121,10,1,1
BRDA:132,11,0,2
BRDA:132,11,1,21
BRF:24
BRH:20
end_of_record
TN:
SF:src\components\auth\VerifyCode.jsx
FN:10,(anonymous_0)
FN:19,(anonymous_1)
FN:25,(anonymous_2)
FN:37,(anonymous_3)
FNF:4
FNH:4
FNDA:18,(anonymous_0)
FNDA:5,(anonymous_1)
FNDA:4,(anonymous_2)
FNDA:1,(anonymous_3)
DA:9,1
DA:10,1
DA:11,18
DA:12,18
DA:13,18
DA:14,18
DA:15,18
DA:16,18
DA:17,18
DA:19,18
DA:20,5
DA:21,5
DA:22,5
DA:25,18
DA:26,4
DA:27,4
DA:28,4
DA:29,4
DA:31,4
DA:32,4
DA:34,2
DA:37,2
DA:38,1
DA:41,1
DA:43,3
DA:47,18
LF:26
LH:26
BRDA:13,0,0,18
BRDA:13,0,1,0
BRDA:21,1,0,0
BRDA:21,1,1,5
BRDA:22,2,0,0
BRDA:22,2,1,5
BRDA:41,3,0,1
BRDA:41,3,1,0
BRDA:73,4,0,18
BRDA:73,4,1,1
BRDA:76,5,0,18
BRDA:76,5,1,2
BRDA:87,6,0,4
BRDA:87,6,1,14
BRF:14
BRH:10
end_of_record
TN:
SF:src\components\common\Button.jsx
FN:4,(anonymous_0)
FN:16,(anonymous_1)
FNF:2
FNH:0
FNDA:0,(anonymous_0)
FNDA:0,(anonymous_1)
DA:4,0
DA:5,0
DA:7,0
DA:9,0
DA:12,0
DA:16,0
DA:25,0
DA:26,0
DA:27,0
DA:29,0
DA:41,0
LF:11
LH:0
BRDA:5,0,0,0
BRDA:5,0,1,0
BRDA:5,0,2,0
BRDA:5,0,3,0
BRDA:19,1,0,0
BRDA:20,2,0,0
BRDA:21,3,0,0
BRDA:22,4,0,0
BRDA:27,5,0,0
BRDA:27,5,1,0
BRF:10
BRH:0
end_of_record
TN:
SF:src\components\common\Header.jsx
FN:4,(anonymous_0)
FNF:1
FNH:1
FNDA:4,(anonymous_0)
DA:4,1
DA:5,4
DA:7,4
DA:8,4
DA:9,4
DA:10,4
DA:12,4
LF:7
LH:7
BRDA:7,0,0,4
BRDA:7,0,1,2
BRDA:8,1,0,4
BRDA:8,1,1,2
BRDA:20,2,0,1
BRDA:20,2,1,3
BRF:6
BRH:6
end_of_record
TN:
SF:src\components\common\InputWithIcon.jsx
FN:1,(anonymous_0)
FNF:1
FNH:1
FNDA:55,(anonymous_0)
DA:1,3
DA:12,55
LF:2
LH:2
BRDA:4,0,0,5
BRDA:15,1,0,55
BRDA:15,1,1,1
BRDA:29,2,0,1
BRDA:29,2,1,54
BRDA:31,3,0,1
BRDA:31,3,1,54
BRDA:35,4,0,55
BRDA:35,4,1,1
BRF:9
BRH:9
end_of_record
TN:
SF:src\components\common\ServiceDropdown.jsx
FN:5,(anonymous_0)
FN:13,(anonymous_1)
FN:16,(anonymous_2)
FN:40,(anonymous_3)
FN:43,(anonymous_4)
FNF:5
FNH:5
FNDA:8,(anonymous_0)
FNDA:3,(anonymous_1)
FNDA:1,(anonymous_2)
FNDA:6,(anonymous_3)
FNDA:1,(anonymous_4)
DA:4,1
DA:5,1
DA:11,8
DA:12,8
DA:13,8
DA:14,3
DA:16,8
DA:17,1
DA:18,1
DA:20,1
DA:23,8
DA:41,6
DA:43,1
LF:13
LH:13
BRDA:7,0,0,8
BRDA:12,1,0,8
BRDA:12,1,1,7
BRDA:17,2,0,1
BRDA:17,2,1,0
BRDA:34,3,0,2
BRDA:34,3,1,6
BRDA:38,4,0,8
BRDA:38,4,1,2
BRF:9
BRH:8
end_of_record
TN:
SF:src\components\common\Sidebar.jsx
FN:17,(anonymous_0)
FN:21,(anonymous_1)
FN:47,(anonymous_2)
FNF:3
FNH:3
FNDA:4,(anonymous_0)
FNDA:1,(anonymous_1)
FNDA:16,(anonymous_2)
DA:11,1
DA:17,1
DA:18,4
DA:19,4
DA:21,4
DA:22,1
DA:23,1
DA:24,1
DA:29,0
DA:30,0
DA:32,1
DA:33,1
DA:37,4
DA:49,16
DA:51,16
DA:52,4
DA:53,12
DA:54,4
DA:58,8
DA:61,16
LF:20
LH:18
BRDA:24,0,0,0
BRDA:24,0,1,1
BRDA:25,1,0,1
BRDA:25,1,1,1
BRDA:25,1,2,1
BRDA:51,2,0,4
BRDA:51,2,1,12
BRDA:53,3,0,4
BRDA:53,3,1,8
BRDA:55,4,0,4
BRDA:55,4,1,4
BRDA:67,5,0,4
BRDA:67,5,1,12
BRF:13
BRH:12
end_of_record
TN:
SF:src\components\home\AppointmentItem.jsx
FN:1,(anonymous_0)
FN:2,(anonymous_1)
FNF:2
FNH:0
FNDA:0,(anonymous_0)
FNDA:0,(anonymous_1)
DA:1,0
DA:2,0
DA:3,0
DA:5,0
DA:7,0
DA:9,0
DA:11,0
DA:15,0
LF:8
LH:0
BRDA:3,0,0,0
BRDA:3,0,1,0
BRDA:3,0,2,0
BRDA:3,0,3,0
BRF:4
BRH:0
end_of_record
TN:
SF:src\components\home\DashboardStats.jsx
FN:1,(anonymous_0)
FN:24,(anonymous_1)
FN:30,(anonymous_2)
FNF:3
FNH:0
FNDA:0,(anonymous_0)
FNDA:0,(anonymous_1)
FNDA:0,(anonymous_2)
DA:1,0
DA:2,0
DA:24,0
DA:25,0
DA:27,0
DA:31,0
LF:6
LH:0
BRDA:18,0,0,0
BRDA:18,0,1,0
BRDA:25,1,0,0
BRDA:25,1,1,0
BRDA:25,2,0,0
BRDA:25,2,1,0
BRF:6
BRH:0
end_of_record
TN:
SF:src\components\home\HomeSidePanel.jsx
FN:4,(anonymous_0)
FNF:1
FNH:0
FNDA:0,(anonymous_0)
DA:4,0
DA:5,0
LF:2
LH:0
BRF:0
BRH:0
end_of_record
TN:
SF:src\components\home\NextAppointments.jsx
FN:5,(anonymous_0)
FN:10,(anonymous_1)
FN:11,(anonymous_2)
FN:57,(anonymous_3)
FNF:4
FNH:0
FNDA:0,(anonymous_0)
FNDA:0,(anonymous_1)
FNDA:0,(anonymous_2)
FNDA:0,(anonymous_3)
DA:5,0
DA:6,0
DA:7,0
DA:8,0
DA:10,0
DA:11,0
DA:12,0
DA:13,0
DA:14,0
DA:15,0
DA:16,0
DA:18,0
DA:19,0
DA:20,0
DA:22,0
DA:25,0
DA:28,0
DA:58,0
LF:18
LH:0
BRDA:19,0,0,0
BRDA:19,0,1,0
BRDA:42,1,0,0
BRDA:42,1,1,0
BRDA:47,2,0,0
BRDA:47,2,1,0
BRDA:52,3,0,0
BRDA:52,3,1,0
BRDA:52,3,2,0
BRDA:52,3,3,0
BRF:10
BRH:0
end_of_record
TN:
SF:src\components\home\QuickActions.jsx
FN:4,(anonymous_0)
FNF:1
FNH:0
FNDA:0,(anonymous_0)
DA:4,0
DA:5,0
LF:2
LH:0
BRF:0
BRH:0
end_of_record
TN:
SF:src\components\home\RecentActivities.jsx
FN:9,(anonymous_0)
FN:11,(anonymous_1)
FN:13,(anonymous_2)
FN:31,(anonymous_3)
FNF:4
FNH:0
FNDA:0,(anonymous_0)
FNDA:0,(anonymous_1)
FNDA:0,(anonymous_2)
FNDA:0,(anonymous_3)
DA:4,0
DA:9,0
DA:11,0
DA:12,0
DA:13,0
DA:19,0
DA:32,0
LF:7
LH:0
BRDA:12,0,0,0
BRDA:12,0,1,0
BRDA:15,1,0,0
BRDA:15,1,1,0
BRDA:26,2,0,0
BRDA:26,2,1,0
BRDA:40,3,0,0
BRDA:40,3,1,0
BRF:8
BRH:0
end_of_record
TN:
SF:src\components\home\WelcomeBanner.jsx
FN:3,(anonymous_0)
FNF:1
FNH:0
FNDA:0,(anonymous_0)
DA:3,0
DA:4,0
LF:2
LH:0
BRF:0
BRH:0
end_of_record
TN:
SF:src\components\landing\About.jsx
FN:1,(anonymous_0)
FNF:1
FNH:1
FNDA:3,(anonymous_0)
DA:1,1
DA:2,3
LF:2
LH:2
BRF:0
BRH:0
end_of_record
TN:
SF:src\components\landing\Features.jsx
FN:64,(anonymous_0)
FN:78,(anonymous_1)
FN:108,(anonymous_2)
FNF:3
FNH:3
FNDA:8,(anonymous_0)
FNDA:40,(anonymous_1)
FNDA:24,(anonymous_2)
DA:10,1
DA:43,1
DA:64,1
DA:65,8
DA:79,40
DA:109,24
LF:6
LH:6
BRF:0
BRH:0
end_of_record
TN:
SF:src\components\landing\Hero.jsx
FN:3,(anonymous_0)
FNF:1
FNH:1
FNDA:4,(anonymous_0)
DA:3,1
DA:4,4
LF:2
LH:2
BRF:0
BRH:0
end_of_record
TN:
SF:src\components\landing\Providers.jsx
FN:3,(anonymous_0)
FNF:1
FNH:1
FNDA:3,(anonymous_0)
DA:3,1
DA:4,3
LF:2
LH:2
BRF:0
BRH:0
end_of_record
TN:
SF:src\components\pet\PetHealthSection.jsx
FN:7,(anonymous_0)
FN:22,(anonymous_1)
FN:33,(anonymous_2)
FN:48,(anonymous_3)
FN:53,(anonymous_4)
FN:58,(anonymous_5)
FN:78,(anonymous_6)
FN:105,(anonymous_7)
FN:138,(anonymous_8)
FNF:9
FNH:0
FNDA:0,(anonymous_0)
FNDA:0,(anonymous_1)
FNDA:0,(anonymous_2)
FNDA:0,(anonymous_3)
FNDA:0,(anonymous_4)
FNDA:0,(anonymous_5)
FNDA:0,(anonymous_6)
FNDA:0,(anonymous_7)
FNDA:0,(anonymous_8)
DA:7,0
DA:8,0
DA:14,0
DA:20,0
DA:22,0
DA:23,0
DA:24,0
DA:25,0
DA:26,0
DA:27,0
DA:28,0
DA:29,0
DA:30,0
DA:32,0
DA:33,0
DA:34,0
DA:35,0
DA:36,0
DA:37,0
DA:38,0
DA:39,0
DA:41,0
DA:42,0
DA:44,0
DA:48,0
DA:49,0
DA:52,0
DA:54,0
DA:57,0
DA:58,0
DA:63,0
DA:64,0
DA:71,0
DA:78,0
DA:106,0
DA:138,0
LF:36
LH:0
BRDA:8,0,0,0
BRDA:8,0,1,0
BRDA:22,1,0,0
BRDA:29,2,0,0
BRDA:29,2,1,0
BRDA:30,3,0,0
BRDA:30,3,1,0
BRDA:32,4,0,0
BRDA:32,4,1,0
BRDA:34,5,0,0
BRDA:34,5,1,0
BRDA:63,6,0,0
BRDA:63,6,1,0
BRDA:77,7,0,0
BRDA:77,7,1,0
BRDA:82,8,0,0
BRDA:82,8,1,0
BRDA:94,9,0,0
BRDA:94,9,1,0
BRDA:97,10,0,0
BRDA:97,10,1,0
BRDA:98,11,0,0
BRDA:98,11,1,0
BRDA:98,11,2,0
BRDA:98,11,3,0
BRDA:103,12,0,0
BRDA:103,12,1,0
BRDA:103,12,2,0
BRDA:107,13,0,0
BRDA:107,13,1,0
BRDA:113,14,0,0
BRDA:113,14,1,0
BRDA:117,15,0,0
BRDA:117,15,1,0
BRDA:123,16,0,0
BRDA:123,16,1,0
BRDA:133,17,0,0
BRDA:133,17,1,0
BRF:38
BRH:0
end_of_record
TN:
SF:src\components\profile\ProfileCard.jsx
FN:1,(anonymous_0)
FNF:1
FNH:1
FNDA:5,(anonymous_0)
DA:1,1
DA:10,5
DA:12,5
DA:15,5
LF:4
LH:4
BRDA:10,0,0,4
BRDA:10,0,1,1
BRDA:12,1,0,5
BRDA:12,1,1,5
BRDA:18,2,0,3
BRDA:18,2,1,2
BRF:6
BRH:6
end_of_record
TN:
SF:src\components\profile\ProfileInfoBlock.jsx
FN:1,(anonymous_0)
FN:18,(anonymous_1)
FN:19,(anonymous_2)
FN:28,(anonymous_3)
FNF:4
FNH:2
FNDA:0,(anonymous_0)
FNDA:4,(anonymous_1)
FNDA:0,(anonymous_2)
FNDA:12,(anonymous_3)
DA:1,1
DA:2,0
DA:18,1
DA:19,4
DA:20,0
DA:22,4
DA:29,12
LF:7
LH:5
BRDA:18,0,0,4
BRDA:32,1,0,4
BRDA:32,1,1,8
BRF:3
BRH:3
end_of_record
TN:
SF:src\components\shared\Footer.jsx
FN:1,(anonymous_0)
FNF:1
FNH:0
FNDA:0,(anonymous_0)
DA:1,0
DA:2,0
LF:2
LH:0
BRF:0
BRH:0
end_of_record
TN:
SF:src\components\shared\SharedHeader.jsx
FN:11,(anonymous_0)
FN:24,(anonymous_1)
FNF:2
FNH:0
FNDA:0,(anonymous_0)
FNDA:0,(anonymous_1)
DA:4,0
DA:11,0
DA:12,0
DA:25,0
LF:4
LH:0
BRF:0
BRH:0
end_of_record
TN:
SF:src\components\vaccines\AddVaccineForm.jsx
FN:9,(anonymous_0)
FN:28,(anonymous_1)
FN:30,(anonymous_2)
FN:33,(anonymous_3)
FN:61,(anonymous_4)
FN:132,(anonymous_5)
FNF:6
FNH:0
FNDA:0,(anonymous_0)
FNDA:0,(anonymous_1)
FNDA:0,(anonymous_2)
FNDA:0,(anonymous_3)
FNDA:0,(anonymous_4)
FNDA:0,(anonymous_5)
DA:7,0
DA:9,0
DA:10,0
DA:11,0
DA:24,0
DA:25,0
DA:26,0
DA:28,0
DA:29,0
DA:30,0
DA:33,0
DA:34,0
DA:35,0
DA:36,0
DA:37,0
DA:39,0
DA:40,0
DA:46,0
DA:47,0
DA:49,0
DA:50,0
DA:53,0
DA:54,0
DA:55,0
DA:56,0
DA:59,0
DA:60,0
DA:61,0
DA:63,0
DA:65,0
DA:67,0
DA:69,0
DA:73,0
DA:133,0
LF:34
LH:0
BRDA:42,0,0,0
BRDA:42,0,1,0
BRDA:43,1,0,0
BRDA:43,1,1,0
BRDA:44,2,0,0
BRDA:44,2,1,0
BRDA:46,3,0,0
BRDA:46,3,1,0
BRDA:49,4,0,0
BRDA:49,4,1,0
BRDA:53,5,0,0
BRDA:53,5,1,0
BRDA:53,6,0,0
BRDA:53,6,1,0
BRDA:65,7,0,0
BRDA:65,7,1,0
BRDA:78,8,0,0
BRDA:78,8,1,0
BRDA:83,9,0,0
BRDA:83,9,1,0
BRDA:167,10,0,0
BRDA:167,10,1,0
BRDA:205,11,0,0
BRDA:205,11,1,0
BRF:24
BRH:0
end_of_record
TN:
SF:src\context\AuthContext.jsx
FN:8,(anonymous_0)
FN:14,(anonymous_1)
FN:46,(anonymous_2)
FN:47,(anonymous_3)
FN:50,(anonymous_4)
FN:51,(anonymous_5)
FN:74,(anonymous_6)
FN:87,(anonymous_7)
FN:106,(anonymous_8)
FNF:9
FNH:9
FNDA:15,(anonymous_0)
FNDA:5,(anonymous_1)
FNDA:1,(anonymous_2)
FNDA:1,(anonymous_3)
FNDA:6,(anonymous_4)
FNDA:6,(anonymous_5)
FNDA:1,(anonymous_6)
FNDA:1,(anonymous_7)
FNDA:15,(anonymous_8)
DA:6,4
DA:8,4
DA:9,15
DA:10,15
DA:11,15
DA:12,15
DA:14,15
DA:15,5
DA:16,5
DA:17,5
DA:18,5
DA:20,5
DA:24,5
DA:25,0
DA:29,0
DA:32,5
DA:33,5
DA:34,5
DA:35,5
DA:37,5
DA:38,5
DA:40,0
DA:41,0
DA:42,0
DA:46,15
DA:47,1
DA:50,15
DA:51,6
DA:52,6
DA:53,6
DA:54,2
DA:55,2
DA:56,2
DA:57,2
DA:58,2
DA:61,4
DA:62,4
DA:63,4
DA:65,0
DA:66,0
DA:69,4
DA:71,6
DA:74,15
DA:75,1
DA:76,1
DA:77,1
DA:78,1
DA:80,0
DA:81,0
DA:82,0
DA:84,1
DA:87,15
DA:88,1
DA:89,1
DA:90,1
DA:93,15
DA:103,15
DA:106,15
LF:58
LH:48
BRDA:21,0,0,5
BRDA:21,0,1,0
BRDA:21,0,2,0
BRDA:21,0,3,0
BRDA:24,1,0,0
BRDA:24,1,1,5
BRDA:24,2,0,5
BRDA:24,2,1,5
BRDA:34,3,0,5
BRDA:34,3,1,0
BRDA:53,4,0,2
BRDA:53,4,1,4
BRF:12
BRH:7
end_of_record
TN:
SF:src\hooks\useChatSocket.js
FN:9,useChatSocket
FN:14,(anonymous_1)
FN:18,(anonymous_2)
FN:28,(anonymous_3)
FN:37,(anonymous_4)
FN:42,(anonymous_5)
FN:43,(anonymous_6)
FN:46,(anonymous_7)
FN:54,(anonymous_8)
FN:60,(anonymous_9)
FNF:10
FNH:0
FNDA:0,useChatSocket
FNDA:0,(anonymous_1)
FNDA:0,(anonymous_2)
FNDA:0,(anonymous_3)
FNDA:0,(anonymous_4)
FNDA:0,(anonymous_5)
FNDA:0,(anonymous_6)
FNDA:0,(anonymous_7)
FNDA:0,(anonymous_8)
FNDA:0,(anonymous_9)
DA:7,0
DA:10,0
DA:11,0
DA:12,0
DA:13,0
DA:14,0
DA:15,0
DA:18,0
DA:19,0
DA:20,0
DA:21,0
DA:22,0
DA:24,0
DA:28,0
DA:29,0
DA:31,0
DA:33,0
DA:37,0
DA:38,0
DA:39,0
DA:40,0
DA:42,0
DA:43,0
DA:46,0
DA:47,0
DA:48,0
DA:51,0
DA:52,0
DA:54,0
DA:55,0
DA:59,0
DA:61,0
DA:62,0
DA:68,0
DA:69,0
LF:35
LH:0
BRDA:19,0,0,0
BRDA:19,0,1,0
BRDA:31,1,0,0
BRDA:31,1,1,0
BRDA:31,2,0,0
BRDA:31,2,1,0
BRDA:61,3,0,0
BRDA:61,3,1,0
BRDA:61,4,0,0
BRDA:61,4,1,0
BRDA:61,4,2,0
BRF:11
BRH:0
end_of_record
TN:
SF:src\layouts\MainLayout.jsx
FN:6,(anonymous_0)
FNF:1
FNH:0
FNDA:0,(anonymous_0)
DA:6,0
DA:7,0
DA:8,0
DA:9,0
DA:15,0
LF:5
LH:0
BRDA:8,0,0,0
BRDA:8,0,1,0
BRF:2
BRH:0
end_of_record
TN:
SF:src\pages\AgendaPage.jsx
FN:12,(anonymous_0)
FN:27,(anonymous_1)
FN:55,(anonymous_2)
FN:81,(anonymous_3)
FN:83,(anonymous_4)
FN:91,(anonymous_5)
FN:96,(anonymous_6)
FN:100,(anonymous_7)
FN:110,(anonymous_8)
FN:115,(anonymous_9)
FN:122,(anonymous_10)
FN:140,(anonymous_11)
FN:177,(anonymous_12)
FNF:13
FNH:10
FNDA:25,(anonymous_0)
FNDA:9,(anonymous_1)
FNDA:8,(anonymous_2)
FNDA:9,(anonymous_3)
FNDA:9,(anonymous_4)
FNDA:9,(anonymous_5)
FNDA:8,(anonymous_6)
FNDA:1,(anonymous_7)
FNDA:0,(anonymous_8)
FNDA:1,(anonymous_9)
FNDA:0,(anonymous_10)
FNDA:1,(anonymous_11)
FNDA:0,(anonymous_12)
DA:12,1
DA:13,25
DA:14,25
DA:15,25
DA:16,25
DA:17,25
DA:18,25
DA:19,25
DA:20,25
DA:21,25
DA:24,25
DA:25,25
DA:27,25
DA:28,9
DA:29,9
DA:30,7
DA:31,7
DA:32,7
DA:35,2
DA:36,0
DA:37,0
DA:40,2
DA:41,2
DA:42,2
DA:43,1
DA:44,1
DA:45,1
DA:47,0
DA:48,0
DA:49,0
DA:51,1
DA:55,25
DA:56,8
DA:57,0
DA:58,0
DA:59,0
DA:61,8
DA:62,8
DA:63,8
DA:66,8
DA:70,8
DA:71,8
DA:72,8
DA:74,0
DA:75,0
DA:77,8
DA:81,25
DA:82,9
DA:83,9
DA:84,9
DA:85,8
DA:86,8
DA:89,9
DA:91,9
DA:92,9
DA:96,25
DA:97,8
DA:100,25
DA:101,1
DA:102,0
DA:104,1
DA:106,1
DA:107,1
DA:110,25
DA:111,0
DA:112,0
DA:115,25
DA:116,1
DA:117,1
DA:118,1
DA:121,25
DA:123,0
DA:127,25
DA:129,25
DA:140,1
DA:177,0
LF:76
LH:61
BRDA:28,0,0,9
BRDA:28,0,1,9
BRDA:29,1,0,7
BRDA:29,1,1,2
BRDA:35,2,0,0
BRDA:35,2,1,2
BRDA:43,3,0,1
BRDA:43,3,1,0
BRDA:56,4,0,0
BRDA:56,4,1,8
BRDA:85,5,0,8
BRDA:85,5,1,0
BRDA:100,6,0,1
BRDA:101,7,0,0
BRDA:101,7,1,1
BRDA:127,8,0,25
BRDA:127,8,1,14
BRDA:127,8,2,14
BRDA:145,9,0,8
BRDA:145,9,1,17
BRDA:149,10,0,14
BRDA:149,10,1,11
BRF:22
BRH:17
end_of_record
TN:
SF:src\pages\EditProfilePage.jsx
FN:13,(anonymous_0)
FN:33,(anonymous_1)
FN:47,(anonymous_2)
FN:60,(anonymous_3)
FN:159,(anonymous_4)
FN:168,(anonymous_5)
FN:169,(anonymous_6)
FN:189,(anonymous_7)
FN:193,(anonymous_8)
FN:194,(anonymous_9)
FN:204,(anonymous_10)
FN:222,(anonymous_11)
FN:223,(anonymous_12)
FN:232,(anonymous_13)
FN:236,(anonymous_14)
FN:253,(anonymous_15)
FN:254,(anonymous_16)
FN:261,(anonymous_17)
FN:262,(anonymous_18)
FN:276,(anonymous_19)
FN:280,(anonymous_20)
FN:323,(anonymous_21)
FN:327,(anonymous_22)
FN:411,(anonymous_23)
FN:419,(anonymous_24)
FN:427,(anonymous_25)
FNF:26
FNH:20
FNDA:0,(anonymous_0)
FNDA:0,(anonymous_1)
FNDA:5,(anonymous_2)
FNDA:5,(anonymous_3)
FNDA:18,(anonymous_4)
FNDA:7,(anonymous_5)
FNDA:7,(anonymous_6)
FNDA:0,(anonymous_7)
FNDA:0,(anonymous_8)
FNDA:0,(anonymous_9)
FNDA:3,(anonymous_10)
FNDA:9,(anonymous_11)
FNDA:27,(anonymous_12)
FNDA:6,(anonymous_13)
FNDA:6,(anonymous_14)
FNDA:6,(anonymous_15)
FNDA:6,(anonymous_16)
FNDA:3,(anonymous_17)
FNDA:3,(anonymous_18)
FNDA:1,(anonymous_19)
FNDA:3,(anonymous_20)
FNDA:72,(anonymous_21)
FNDA:0,(anonymous_22)
FNDA:8,(anonymous_23)
FNDA:40,(anonymous_24)
FNDA:24,(anonymous_25)
DA:13,1
DA:20,0
DA:33,1
DA:34,0
DA:47,1
DA:48,5
DA:49,5
DA:50,5
DA:52,5
DA:54,0
DA:56,0
DA:60,1
DA:61,5
DA:64,5
DA:66,5
DA:68,5
DA:69,5
DA:70,5
DA:72,5
DA:159,1
DA:160,18
DA:161,18
DA:162,18
DA:163,18
DA:164,18
DA:165,18
DA:166,18
DA:168,18
DA:169,7
DA:170,7
DA:171,7
DA:176,5
DA:178,5
DA:179,5
DA:181,1
DA:183,6
DA:186,7
DA:189,18
DA:190,0
DA:191,0
DA:193,0
DA:194,0
DA:195,0
DA:196,0
DA:198,0
DA:200,0
DA:204,18
DA:205,3
DA:206,3
DA:208,3
DA:222,3
DA:223,9
DA:224,27
DA:229,3
DA:231,24
DA:232,6
DA:233,3
DA:234,3
DA:235,21
DA:236,6
DA:237,3
DA:238,3
DA:239,18
DA:246,18
DA:250,3
DA:251,3
DA:253,6
DA:254,6
DA:256,0
DA:258,3
DA:259,3
DA:261,3
DA:262,3
DA:263,3
DA:265,0
DA:267,3
DA:269,3
DA:270,3
DA:271,3
DA:273,3
DA:276,18
DA:277,1
DA:280,18
DA:281,3
DA:282,3
DA:284,3
DA:285,3
DA:287,3
DA:288,3
DA:290,3
DA:295,3
DA:297,3
DA:298,3
DA:299,3
DA:301,3
DA:303,3
DA:305,1
DA:307,1
DA:309,2
DA:311,2
DA:312,1
DA:316,1
DA:319,3
DA:323,18
DA:324,72
DA:327,0
DA:330,72
DA:333,48
DA:335,24
DA:337,0
DA:341,18
DA:342,7
DA:348,11
DA:349,3
DA:351,8
DA:352,0
DA:359,8
DA:411,8
DA:419,40
DA:427,24
LF:120
LH:103
BRDA:15,0,0,0
BRDA:48,1,0,0
BRDA:48,1,1,5
BRDA:50,2,0,5
BRDA:50,2,1,0
BRDA:50,2,2,0
BRDA:61,3,0,0
BRDA:61,3,1,5
BRDA:64,4,0,5
BRDA:64,4,1,0
BRDA:64,5,0,5
BRDA:64,5,1,5
BRDA:66,6,0,5
BRDA:66,6,1,0
BRDA:66,7,0,5
BRDA:66,7,1,5
BRDA:66,8,0,0
BRDA:66,8,1,0
BRDA:68,9,0,5
BRDA:68,9,1,0
BRDA:68,9,2,0
BRDA:69,10,0,5
BRDA:69,10,1,0
BRDA:70,11,0,5
BRDA:70,11,1,0
BRDA:74,12,0,5
BRDA:74,12,1,0
BRDA:76,13,0,5
BRDA:76,13,1,5
BRDA:84,14,0,5
BRDA:84,14,1,0
BRDA:93,15,0,5
BRDA:93,15,1,0
BRDA:101,16,0,5
BRDA:101,16,1,0
BRDA:108,17,0,5
BRDA:108,17,1,0
BRDA:132,18,0,5
BRDA:132,18,1,0
BRDA:140,19,0,5
BRDA:140,19,1,0
BRDA:148,20,0,5
BRDA:148,20,1,0
BRDA:181,21,0,1
BRDA:181,21,1,0
BRDA:195,22,0,0
BRDA:195,22,1,0
BRDA:224,23,0,3
BRDA:224,23,1,24
BRDA:225,24,0,27
BRDA:225,24,1,3
BRDA:225,24,2,3
BRDA:231,25,0,3
BRDA:231,25,1,21
BRDA:233,26,0,3
BRDA:233,26,1,0
BRDA:234,27,0,3
BRDA:234,27,1,0
BRDA:235,28,0,3
BRDA:235,28,1,18
BRDA:237,29,0,3
BRDA:237,29,1,0
BRDA:238,30,0,3
BRDA:238,30,1,0
BRDA:239,31,0,18
BRDA:239,31,1,0
BRDA:240,32,0,18
BRDA:240,32,1,18
BRDA:240,32,2,18
BRDA:240,32,3,18
BRDA:240,32,4,18
BRDA:250,33,0,3
BRDA:250,33,1,0
BRDA:250,34,0,3
BRDA:250,34,1,3
BRDA:258,35,0,3
BRDA:258,35,1,0
BRDA:258,36,0,3
BRDA:258,36,1,3
BRDA:263,37,0,0
BRDA:263,37,1,3
BRDA:267,38,0,0
BRDA:267,38,1,3
BRDA:282,39,0,0
BRDA:282,39,1,3
BRDA:282,40,0,3
BRDA:282,40,1,3
BRDA:298,41,0,3
BRDA:298,41,1,0
BRDA:298,42,0,3
BRDA:298,42,1,0
BRDA:309,43,0,2
BRDA:309,43,1,1
BRDA:311,44,0,1
BRDA:311,44,1,1
BRDA:313,45,0,1
BRDA:313,45,1,0
BRDA:330,46,0,48
BRDA:330,46,1,48
BRDA:330,46,2,24
BRDA:330,46,3,0
BRDA:333,47,0,48
BRDA:333,47,1,40
BRDA:341,48,0,7
BRDA:341,48,1,11
BRDA:348,49,0,3
BRDA:348,49,1,8
BRDA:351,50,0,0
BRDA:351,50,1,8
BRDA:385,51,0,3
BRDA:385,51,1,5
BRDA:388,52,0,3
BRDA:388,52,1,5
BRDA:392,53,0,8
BRDA:392,53,1,0
BRF:115
BRH:75
end_of_record
TN:
SF:src\pages\HomePage.jsx
FN:22,(anonymous_0)
FN:26,(anonymous_1)
FN:34,(anonymous_2)
FN:35,(anonymous_3)
FN:86,(anonymous_4)
FNF:5
FNH:4
FNDA:0,(anonymous_0)
FNDA:17,(anonymous_1)
FNDA:9,(anonymous_2)
FNDA:8,(anonymous_3)
FNDA:18,(anonymous_4)
DA:15,1
DA:22,1
DA:23,0
DA:26,1
DA:27,17
DA:29,17
DA:30,16
DA:31,16
DA:32,16
DA:34,16
DA:35,9
DA:36,8
DA:37,8
DA:39,8
DA:40,8
DA:41,7
DA:43,7
DA:44,1
DA:47,6
DA:52,6
DA:56,6
DA:57,6
DA:59,6
DA:61,6
DA:86,18
DA:91,6
DA:92,6
DA:94,2
DA:95,2
DA:97,8
DA:100,9
DA:101,8
DA:105,16
LF:33
LH:32
BRDA:41,0,0,7
BRDA:41,0,1,1
BRDA:43,1,0,1
BRDA:43,1,1,6
BRDA:52,2,0,6
BRDA:52,2,1,0
BRDA:56,3,0,6
BRDA:56,3,1,0
BRDA:57,4,0,6
BRDA:57,4,1,0
BRDA:59,5,0,6
BRDA:59,5,1,0
BRDA:65,6,0,6
BRDA:65,6,1,0
BRDA:66,7,0,6
BRDA:66,7,1,0
BRDA:73,8,0,6
BRDA:73,8,1,0
BRDA:81,9,0,6
BRDA:81,9,1,0
BRDA:82,10,0,6
BRDA:82,10,1,0
BRDA:83,11,0,6
BRDA:83,11,1,0
BRDA:95,12,0,2
BRDA:95,12,1,0
BRDA:100,13,0,8
BRDA:100,13,1,1
BRDA:100,14,0,9
BRDA:100,14,1,8
BRDA:100,14,2,8
BRDA:108,15,0,16
BRDA:108,15,1,9
BRDA:113,16,0,16
BRDA:113,16,1,2
BRDA:115,17,0,16
BRDA:115,17,1,7
BRDA:115,17,2,5
BRDA:115,17,3,5
BRDA:118,18,0,16
BRDA:118,18,1,15
BRF:41
BRH:30
end_of_record
TN:
SF:src\pages\LandingPage.jsx
FN:8,(anonymous_0)
FNF:1
FNH:1
FNDA:3,(anonymous_0)
DA:8,1
DA:9,3
LF:2
LH:2
BRF:0
BRH:0
end_of_record
TN:
SF:src\pages\PetRecordPage.jsx
FN:6,(anonymous_0)
FN:12,(anonymous_1)
FN:13,(anonymous_2)
FNF:3
FNH:0
FNDA:0,(anonymous_0)
FNDA:0,(anonymous_1)
FNDA:0,(anonymous_2)
DA:6,0
DA:7,0
DA:8,0
DA:9,0
DA:10,0
DA:12,0
DA:13,0
DA:14,0
DA:15,0
DA:16,0
DA:17,0
DA:19,0
DA:20,0
DA:21,0
DA:22,0
DA:24,0
DA:25,0
DA:27,0
DA:30,0
DA:33,0
DA:34,0
DA:43,0
DA:44,0
DA:54,0
LF:24
LH:0
BRDA:14,0,0,0
BRDA:14,0,1,0
BRDA:22,1,0,0
BRDA:22,1,1,0
BRDA:22,1,2,0
BRDA:33,2,0,0
BRDA:33,2,1,0
BRDA:43,3,0,0
BRDA:43,3,1,0
BRDA:43,4,0,0
BRDA:43,4,1,0
BRF:11
BRH:0
end_of_record
TN:
SF:src\pages\ProfilePage.jsx
FN:8,(anonymous_0)
FN:25,(anonymous_1)
FN:31,(anonymous_2)
FN:44,(anonymous_3)
FN:193,(anonymous_4)
FN:199,(anonymous_5)
FN:216,(anonymous_6)
FN:221,(anonymous_7)
FN:225,(anonymous_8)
FNF:9
FNH:8
FNDA:2,(anonymous_0)
FNDA:0,(anonymous_1)
FNDA:2,(anonymous_2)
FNDA:5,(anonymous_3)
FNDA:5,(anonymous_4)
FNDA:3,(anonymous_5)
FNDA:3,(anonymous_6)
FNDA:5,(anonymous_7)
FNDA:1,(anonymous_8)
DA:8,1
DA:9,2
DA:25,1
DA:26,0
DA:31,1
DA:32,2
DA:33,0
DA:34,0
DA:36,0
DA:38,0
DA:40,0
DA:44,1
DA:45,5
DA:47,2
DA:48,2
DA:49,2
DA:51,2
DA:52,2
DA:54,2
DA:58,2
DA:62,2
DA:63,2
DA:64,0
DA:65,2
DA:66,2
DA:70,2
DA:71,2
DA:72,2
DA:74,2
DA:193,1
DA:194,5
DA:195,5
DA:196,5
DA:197,5
DA:199,5
DA:200,3
DA:201,3
DA:202,3
DA:203,3
DA:204,3
DA:209,0
DA:210,0
DA:212,3
DA:216,5
DA:217,3
DA:220,5
DA:221,5
DA:225,5
DA:226,1
DA:229,5
DA:230,3
DA:237,2
DA:238,0
DA:245,2
LF:54
LH:44
BRDA:32,0,0,2
BRDA:32,0,1,0
BRDA:34,1,0,0
BRDA:34,1,1,0
BRDA:34,1,2,0
BRDA:45,2,0,3
BRDA:45,2,1,2
BRDA:45,3,0,5
BRDA:45,3,1,2
BRDA:48,4,0,2
BRDA:48,4,1,2
BRDA:51,5,0,2
BRDA:51,5,1,2
BRDA:54,6,0,0
BRDA:54,6,1,2
BRDA:54,7,0,2
BRDA:54,7,1,0
BRDA:58,8,0,0
BRDA:58,8,1,2
BRDA:58,9,0,2
BRDA:58,9,1,0
BRDA:60,10,0,2
BRDA:60,10,1,2
BRDA:63,11,0,0
BRDA:63,11,1,2
BRDA:65,12,0,2
BRDA:65,12,1,0
BRDA:70,13,0,2
BRDA:70,13,1,2
BRDA:70,13,2,2
BRDA:71,14,0,2
BRDA:71,14,1,2
BRDA:71,14,2,2
BRDA:72,15,0,2
BRDA:72,15,1,2
BRDA:72,15,2,2
BRDA:76,16,0,2
BRDA:76,16,1,2
BRDA:79,17,0,2
BRDA:79,17,1,2
BRDA:91,18,0,2
BRDA:91,18,1,2
BRDA:105,19,0,2
BRDA:105,19,1,2
BRDA:105,19,2,2
BRDA:119,20,0,2
BRDA:119,20,1,2
BRDA:129,21,0,2
BRDA:129,21,1,2
BRDA:137,22,0,2
BRDA:137,22,1,2
BRDA:145,23,0,2
BRDA:145,23,1,2
BRDA:154,24,0,2
BRDA:154,24,1,2
BRDA:165,25,0,2
BRDA:165,25,1,2
BRDA:183,26,0,2
BRDA:183,26,1,2
BRDA:229,27,0,3
BRDA:229,27,1,2
BRDA:237,28,0,0
BRDA:237,28,1,2
BRF:63
BRH:52
end_of_record
TN:
SF:src\pages\chat\ChatListPage.jsx
FN:5,ChatListPage
FN:10,(anonymous_1)
FN:13,(anonymous_2)
FN:14,(anonymous_3)
FN:15,(anonymous_4)
FN:18,(anonymous_5)
FN:22,(anonymous_6)
FN:82,(anonymous_7)
FN:85,(anonymous_8)
FNF:9
FNH:0
FNDA:0,ChatListPage
FNDA:0,(anonymous_1)
FNDA:0,(anonymous_2)
FNDA:0,(anonymous_3)
FNDA:0,(anonymous_4)
FNDA:0,(anonymous_5)
FNDA:0,(anonymous_6)
FNDA:0,(anonymous_7)
FNDA:0,(anonymous_8)
DA:6,0
DA:7,0
DA:8,0
DA:10,0
DA:11,0
DA:13,0
DA:14,0
DA:15,0
DA:18,0
DA:19,0
DA:22,0
DA:23,0
DA:26,0
DA:28,0
DA:83,0
DA:85,0
LF:16
LH:0
BRDA:26,0,0,0
BRDA:26,0,1,0
BRDA:55,1,0,0
BRDA:55,1,1,0
BRDA:89,2,0,0
BRDA:89,2,1,0
BRDA:93,3,0,0
BRDA:93,3,1,0
BRF:8
BRH:0
end_of_record
TN:
SF:src\pages\chat\ChatRoomPage.jsx
FN:6,ChatRoomPage
FN:15,(anonymous_1)
FN:20,(anonymous_2)
FN:23,(anonymous_3)
FN:24,(anonymous_4)
FN:27,(anonymous_5)
FN:31,(anonymous_6)
FN:60,(anonymous_7)
FN:93,(anonymous_8)
FNF:9
FNH:0
FNDA:0,ChatRoomPage
FNDA:0,(anonymous_1)
FNDA:0,(anonymous_2)
FNDA:0,(anonymous_3)
FNDA:0,(anonymous_4)
FNDA:0,(anonymous_5)
FNDA:0,(anonymous_6)
FNDA:0,(anonymous_7)
FNDA:0,(anonymous_8)
DA:7,0
DA:9,0
DA:11,0
DA:12,0
DA:13,0
DA:15,0
DA:16,0
DA:18,0
DA:21,0
DA:23,0
DA:24,0
DA:27,0
DA:28,0
DA:31,0
DA:32,0
DA:33,0
DA:34,0
DA:35,0
DA:39,0
DA:40,0
DA:45,0
DA:61,0
DA:93,0
LF:23
LH:0
BRDA:16,0,0,0
BRDA:16,0,1,0
BRDA:33,1,0,0
BRDA:33,1,1,0
BRDA:39,2,0,0
BRDA:39,2,1,0
BRDA:53,3,0,0
BRDA:53,3,1,0
BRDA:56,4,0,0
BRDA:56,4,1,0
BRDA:64,5,0,0
BRDA:64,5,1,0
BRDA:69,6,0,0
BRDA:69,6,1,0
BRDA:95,7,0,0
BRDA:95,7,1,0
BRDA:103,8,0,0
BRDA:103,8,1,0
BRF:18
BRH:0
end_of_record
TN:
SF:src\services\agendaService.js
FN:3,(anonymous_0)
FN:18,(anonymous_1)
FN:36,(anonymous_2)
FN:66,(anonymous_3)
FN:80,(anonymous_4)
FN:109,(anonymous_5)
FN:126,(anonymous_6)
FNF:7
FNH:6
FNDA:1,(anonymous_0)
FNDA:2,(anonymous_1)
FNDA:1,(anonymous_2)
FNDA:2,(anonymous_3)
FNDA:3,(anonymous_4)
FNDA:4,(anonymous_5)
FNDA:0,(anonymous_6)
DA:3,2
DA:4,1
DA:6,1
DA:8,0
DA:10,0
DA:12,0
DA:14,0
DA:18,2
DA:19,2
DA:20,2
DA:29,2
DA:30,2
DA:31,1
DA:36,1
DA:37,1
DA:38,1
DA:39,1
DA:41,1
DA:61,1
DA:62,1
DA:66,2
DA:67,2
DA:68,1
DA:70,1
DA:77,1
DA:80,2
DA:83,3
DA:84,1
DA:86,2
DA:89,3
DA:91,3
DA:92,1
DA:102,2
DA:106,2
DA:109,2
DA:110,4
DA:111,1
DA:114,3
DA:115,3
DA:116,1
DA:119,2
DA:122,2
DA:126,2
DA:127,0
DA:128,0
DA:130,0
DA:131,0
DA:132,0
DA:135,0
DA:138,0
LF:50
LH:39
BRDA:4,0,0,1
BRDA:4,0,1,0
BRDA:4,0,2,0
BRDA:4,0,3,0
BRDA:4,0,4,0
BRDA:30,1,0,1
BRDA:30,1,1,1
BRDA:37,2,0,1
BRDA:37,2,1,0
BRDA:38,3,0,1
BRDA:38,3,1,0
BRDA:39,4,0,1
BRDA:39,4,1,0
BRDA:43,5,0,1
BRDA:43,5,1,0
BRDA:46,6,0,1
BRDA:46,6,1,0
BRDA:46,7,0,1
BRDA:46,7,1,1
BRDA:50,8,0,1
BRDA:50,8,1,0
BRDA:50,9,0,1
BRDA:50,9,1,1
BRDA:67,10,0,1
BRDA:67,10,1,1
BRDA:77,11,0,1
BRDA:77,11,1,0
BRDA:83,12,0,1
BRDA:83,12,1,2
BRDA:83,13,0,3
BRDA:83,13,1,1
BRDA:84,14,0,1
BRDA:84,14,1,0
BRDA:84,14,2,0
BRDA:89,15,0,3
BRDA:89,15,1,0
BRDA:91,16,0,1
BRDA:91,16,1,2
BRDA:91,17,0,3
BRDA:91,17,1,3
BRDA:110,18,0,1
BRDA:110,18,1,3
BRDA:119,19,0,2
BRDA:119,19,1,1
BRDA:119,19,2,0
BRDA:127,20,0,0
BRDA:127,20,1,0
BRDA:135,21,0,0
BRDA:135,21,1,0
BRDA:135,21,2,0
BRF:50
BRH:30
end_of_record
TN:
SF:src\services\appointmentService.js
FN:3,(anonymous_0)
FN:18,(anonymous_1)
FN:36,(anonymous_2)
FNF:3
FNH:3
FNDA:1,(anonymous_0)
FNDA:3,(anonymous_1)
FNDA:1,(anonymous_2)
DA:3,1
DA:4,1
DA:6,1
DA:8,0
DA:10,0
DA:12,0
DA:14,0
DA:18,1
DA:19,3
DA:20,3
DA:29,2
DA:30,2
DA:31,1
DA:36,1
DA:37,1
DA:38,1
DA:39,1
DA:41,1
DA:61,2
DA:62,2
LF:20
LH:16
BRDA:4,0,0,1
BRDA:4,0,1,0
BRDA:4,0,2,0
BRDA:4,0,3,0
BRDA:4,0,4,0
BRDA:30,1,0,1
BRDA:30,1,1,1
BRDA:37,2,0,1
BRDA:37,2,1,0
BRDA:38,3,0,1
BRDA:38,3,1,0
BRDA:39,4,0,1
BRDA:39,4,1,0
BRDA:43,5,0,1
BRDA:43,5,1,0
BRDA:46,6,0,1
BRDA:46,6,1,0
BRDA:46,7,0,1
BRDA:46,7,1,1
BRDA:50,8,0,1
BRDA:50,8,1,0
BRDA:50,9,0,1
BRDA:50,9,1,1
BRF:23
BRH:13
end_of_record
TN:
SF:src\services\authService.js
FN:3,(anonymous_0)
FN:23,(anonymous_1)
FN:44,(anonymous_2)
FN:58,(anonymous_3)
FN:72,(anonymous_4)
FN:89,(anonymous_5)
FN:94,(anonymous_6)
FN:99,(anonymous_7)
FNF:8
FNH:6
FNDA:4,(anonymous_0)
FNDA:3,(anonymous_1)
FNDA:3,(anonymous_2)
FNDA:0,(anonymous_3)
FNDA:3,(anonymous_4)
FNDA:2,(anonymous_5)
FNDA:1,(anonymous_6)
FNDA:0,(anonymous_7)
DA:3,4
DA:4,4
DA:5,4
DA:6,1
DA:7,1
DA:8,1
DA:10,1
DA:12,3
DA:13,3
DA:14,2
DA:15,1
DA:17,1
DA:19,1
DA:23,4
DA:24,3
DA:25,3
DA:26,1
DA:27,1
DA:28,1
DA:30,1
DA:32,2
DA:34,2
DA:35,1
DA:36,0
DA:38,1
DA:40,1
DA:44,4
DA:45,3
DA:46,3
DA:47,1
DA:49,2
DA:50,1
DA:52,1
DA:58,4
DA:59,0
DA:60,0
DA:61,0
DA:63,0
DA:64,0
DA:66,0
DA:72,4
DA:73,3
DA:74,3
DA:78,1
DA:80,2
DA:81,1
DA:83,1
DA:89,4
DA:90,2
DA:91,2
DA:94,4
DA:95,1
DA:96,1
DA:99,4
DA:100,0
LF:55
LH:47
BRDA:7,0,0,1
BRDA:7,0,1,0
BRDA:13,1,0,2
BRDA:13,1,1,1
BRDA:14,2,0,1
BRDA:14,2,1,1
BRDA:27,3,0,1
BRDA:27,3,1,0
BRDA:34,4,0,1
BRDA:34,4,1,1
BRDA:35,5,0,0
BRDA:35,5,1,1
BRDA:49,6,0,1
BRDA:49,6,1,1
BRDA:49,7,0,2
BRDA:49,7,1,1
BRDA:49,7,2,1
BRDA:63,8,0,0
BRDA:63,8,1,0
BRDA:63,9,0,0
BRDA:63,9,1,0
BRDA:63,9,2,0
BRDA:80,10,0,1
BRDA:80,10,1,1
BRDA:80,11,0,2
BRDA:80,11,1,1
BRDA:80,11,2,1
BRF:27
BRH:19
end_of_record
TN:
SF:src\services\dashboardService.js
FN:3,(anonymous_0)
FN:17,(anonymous_1)
FN:24,(anonymous_2)
FNF:3
FNH:3
FNDA:2,(anonymous_0)
FNDA:4,(anonymous_1)
FNDA:3,(anonymous_2)
DA:3,3
DA:4,2
DA:10,1
DA:17,3
DA:18,4
DA:20,3
DA:21,1
DA:24,3
LF:8
LH:8
BRDA:20,0,0,1
BRDA:20,0,1,2
BRDA:27,1,0,3
BRDA:27,1,1,1
BRF:4
BRH:4
end_of_record
TN:
SF:src\services\petService.js
FN:3,(anonymous_0)
FN:16,(anonymous_1)
FNF:2
FNH:1
FNDA:4,(anonymous_0)
FNDA:0,(anonymous_1)
DA:3,1
DA:4,4
DA:5,2
DA:6,2
DA:9,1
DA:11,1
DA:12,1
DA:16,1
DA:17,0
DA:18,0
DA:20,0
DA:21,0
DA:22,0
DA:24,0
DA:25,0
LF:15
LH:8
BRDA:4,0,0,2
BRDA:4,0,1,2
BRDA:4,1,0,4
BRDA:4,1,1,3
BRDA:17,2,0,0
BRDA:17,2,1,0
BRF:6
BRH:4
end_of_record
TN:
SF:src\services\profileService.js
FN:3,(anonymous_0)
FN:13,(anonymous_1)
FNF:2
FNH:2
FNDA:2,(anonymous_0)
FNDA:2,(anonymous_1)
DA:3,1
DA:4,2
DA:5,2
DA:6,1
DA:8,1
DA:9,1
DA:13,1
DA:14,2
DA:15,2
DA:16,1
DA:18,1
DA:19,1
LF:12
LH:12
BRF:0
BRH:0
end_of_record
TN:
SF:src\services\providerService.js
FN:3,(anonymous_0)
FN:38,(anonymous_1)
FN:55,(anonymous_2)
FNF:3
FNH:2
FNDA:4,(anonymous_0)
FNDA:0,(anonymous_1)
FNDA:2,(anonymous_2)
DA:3,4
DA:4,4
DA:5,4
DA:7,2
DA:8,2
DA:10,2
DA:11,1
DA:14,1
DA:17,1
DA:18,0
DA:21,1
DA:23,2
DA:24,1
DA:27,1
DA:30,1
DA:34,1
DA:38,4
DA:39,0
DA:40,0
DA:41,0
DA:43,0
DA:44,0
DA:45,0
DA:47,0
DA:51,0
DA:55,4
DA:56,2
DA:57,2
DA:58,1
DA:60,1
DA:64,1
LF:31
LH:22
BRDA:8,0,0,2
BRDA:8,0,1,1
BRDA:10,1,0,1
BRDA:10,1,1,1
BRDA:10,2,0,2
BRDA:10,2,1,2
BRDA:10,2,2,1
BRDA:17,3,0,0
BRDA:17,3,1,1
BRDA:23,4,0,1
BRDA:23,4,1,1
BRDA:23,5,0,2
BRDA:23,5,1,1
BRDA:32,6,0,1
BRDA:32,6,1,1
BRDA:41,7,0,0
BRDA:41,7,1,0
BRDA:43,8,0,0
BRDA:43,8,1,0
BRDA:49,9,0,0
BRDA:49,9,1,0
BRDA:62,10,0,1
BRDA:62,10,1,1
BRF:23
BRH:16
end_of_record
TN:
SF:src\services\userService.js
FN:3,(anonymous_0)
FN:13,(anonymous_1)
FNF:2
FNH:2
FNDA:2,(anonymous_0)
FNDA:2,(anonymous_1)
DA:3,4
DA:4,2
DA:5,2
DA:6,1
DA:8,1
DA:9,1
DA:13,4
DA:14,2
DA:15,2
DA:16,1
DA:18,1
DA:19,1
LF:12
LH:12
BRF:0
BRH:0
end_of_record
TN:
SF:src\services\vaccineService.js
FN:5,(anonymous_0)
FN:15,(anonymous_1)
FNF:2
FNH:0
FNDA:0,(anonymous_0)
FNDA:0,(anonymous_1)
DA:3,0
DA:5,0
DA:6,0
DA:7,0
DA:8,0
DA:10,0
DA:11,0
DA:15,0
DA:16,0
DA:17,0
DA:18,0
DA:20,0
DA:21,0
LF:13
LH:0
BRF:0
BRH:0
end_of_record
TN:
SF:src\utils\Api.jsx
FN:16,(anonymous_0)
FN:25,(anonymous_1)
FN:31,(anonymous_2)
FN:32,(anonymous_3)
FNF:4
FNH:0
FNDA:0,(anonymous_0)
FNDA:0,(anonymous_1)
FNDA:0,(anonymous_2)
FNDA:0,(anonymous_3)
DA:3,19
DA:5,19
DA:15,19
DA:17,0
DA:18,0
DA:19,0
DA:21,0
DA:23,0
DA:26,0
DA:30,19
DA:31,0
DA:33,0
DA:34,0
DA:38,0
LF:14
LH:4
BRDA:18,0,0,0
BRDA:18,0,1,0
BRDA:33,1,0,0
BRDA:33,1,1,0
BRDA:33,2,0,0
BRDA:33,2,1,0
BRF:6
BRH:0
end_of_record
